<?xml version="1.0" encoding="UTF-8"?>
<coverage generated="1774339691767" clover="3.2.0">
  <project timestamp="1774339691768" name="All files">
    <metrics statements="714" coveredstatements="686" conditionals="416" coveredconditionals="353" methods="138" coveredmethods="132" elements="1268" coveredelements="1171" complexity="0" loc="714" ncloc="714" packages="2" files="10" classes="10"/>
    <package name="adapter">
      <metrics statements="1" coveredstatements="1" conditionals="1" coveredconditionals="1" methods="1" coveredmethods="1"/>
      <file name="factory.ts" path="/Users/dennisfurrer/Documents/Work/Hyperliquid/hip4/src/adapter/factory.ts">
        <metrics statements="1" coveredstatements="1" conditionals="1" coveredconditionals="1" methods="1" coveredmethods="1"/>
        <line num="17" count="6" type="stmt"/>
      </file>
    </package>
    <package name="adapter.hyperliquid">
      <metrics statements="713" coveredstatements="685" conditionals="415" coveredconditionals="352" methods="137" coveredmethods="131"/>
      <file name="account.ts" path="/Users/dennisfurrer/Documents/Work/Hyperliquid/hip4/src/adapter/hyperliquid/account.ts">
        <metrics statements="61" coveredstatements="58" conditionals="38" coveredconditionals="28" methods="15" coveredmethods="14"/>
        <line num="23" count="2" type="stmt"/>
        <line num="36" count="27" type="stmt"/>
        <line num="37" count="27" type="cond" truecount="1" falsecount="1"/>
        <line num="39" count="27" type="stmt"/>
        <line num="40" count="27" type="cond" truecount="1" falsecount="1"/>
        <line num="42" count="27" type="stmt"/>
        <line num="43" count="27" type="cond" truecount="1" falsecount="1"/>
        <line num="45" count="27" type="stmt"/>
        <line num="46" count="27" type="cond" truecount="2" falsecount="0"/>
        <line num="48" count="27" type="stmt"/>
        <line num="49" count="27" type="cond" truecount="1" falsecount="1"/>
        <line num="51" count="27" type="stmt"/>
        <line num="52" count="27" type="cond" truecount="1" falsecount="1"/>
        <line num="53" count="27" type="stmt"/>
        <line num="54" count="27" type="stmt"/>
        <line num="56" count="27" type="stmt"/>
        <line num="57" count="27" type="stmt"/>
        <line num="72" count="20" type="cond" truecount="2" falsecount="0"/>
        <line num="74" count="10" type="stmt"/>
        <line num="75" count="10" type="cond" truecount="1" falsecount="1"/>
        <line num="77" count="20" type="stmt"/>
        <line num="91" count="15" type="stmt"/>
        <line num="92" count="15" type="stmt"/>
        <line num="96" count="10" type="stmt"/>
        <line num="99" count="0" type="cond" truecount="2" falsecount="0"/>
        <line num="104" count="9" type="stmt"/>
        <line num="105" count="9" type="stmt"/>
        <line num="106" count="0" type="stmt"/>
        <line num="107" count="0" type="stmt"/>
        <line num="111" count="9" type="stmt"/>
        <line num="112" count="9" type="stmt"/>
        <line num="113" count="54" type="cond" truecount="2" falsecount="0"/>
        <line num="114" count="36" type="cond" truecount="2" falsecount="0"/>
        <line num="116" count="27" type="stmt"/>
        <line num="117" count="27" type="cond" truecount="1" falsecount="1"/>
        <line num="120" count="9" type="stmt"/>
        <line num="124" count="5" type="stmt"/>
        <line num="125" count="5" type="stmt"/>
        <line num="126" count="5" type="stmt"/>
        <line num="128" count="5" type="stmt"/>
        <line num="133" count="5" type="stmt"/>
        <line num="134" count="5" type="stmt"/>
        <line num="135" count="20" type="stmt"/>
        <line num="136" count="20" type="cond" truecount="2" falsecount="0"/>
        <line num="138" count="5" type="stmt"/>
        <line num="144" count="1" type="stmt"/>
        <line num="145" count="6" type="stmt"/>
        <line num="162" count="1" type="stmt"/>
        <line num="163" count="5" type="stmt"/>
        <line num="177" count="2" type="stmt"/>
        <line num="181" count="2" type="stmt"/>
        <line num="182" count="2" type="stmt"/>
        <line num="183" count="4" type="stmt"/>
        <line num="184" count="4" type="stmt"/>
        <line num="185" count="3" type="cond" truecount="1" falsecount="1"/>
        <line num="189" count="4" type="cond" truecount="1" falsecount="1"/>
        <line num="190" count="4" type="stmt"/>
        <line num="195" count="2" type="stmt"/>
        <line num="197" count="2" type="stmt"/>
        <line num="198" count="2" type="stmt"/>
        <line num="204" count="4" type="stmt"/>
      </file>
      <file name="agent-wallet.ts" path="/Users/dennisfurrer/Documents/Work/Hyperliquid/hip4/src/adapter/hyperliquid/agent-wallet.ts">
        <metrics statements="14" coveredstatements="14" conditionals="16" coveredconditionals="14" methods="2" coveredmethods="2"/>
        <line num="3" count="1" type="stmt"/>
        <line num="10" count="1" type="stmt"/>
        <line num="11" count="1" type="stmt"/>
        <line num="20" count="7" type="stmt"/>
        <line num="49" count="7" type="stmt"/>
        <line num="51" count="7" type="stmt"/>
        <line num="60" count="7" type="stmt"/>
        <line num="61" count="7" type="cond" truecount="4" falsecount="0"/>
        <line num="62" count="7" type="stmt"/>
        <line num="72" count="6" type="stmt"/>
        <line num="77" count="6" type="cond" truecount="2" falsecount="0"/>
        <line num="78" count="5" type="stmt"/>
        <line num="81" count="1" type="stmt"/>
        <line num="86" count="1" type="stmt"/>
      </file>
      <file name="auth.ts" path="/Users/dennisfurrer/Documents/Work/Hyperliquid/hip4/src/adapter/hyperliquid/auth.ts">
        <metrics statements="25" coveredstatements="25" conditionals="12" coveredconditionals="12" methods="9" coveredmethods="9"/>
        <line num="14" count="57" type="stmt"/>
        <line num="22" count="7" type="stmt"/>
        <line num="29" count="4" type="stmt"/>
        <line num="30" count="1" type="stmt"/>
        <line num="32" count="1" type="stmt"/>
        <line num="42" count="73" type="stmt"/>
        <line num="43" count="73" type="stmt"/>
        <line num="49" count="61" type="cond" truecount="4" falsecount="0"/>
        <line num="50" count="4" type="stmt"/>
        <line num="51" count="4" type="stmt"/>
        <line num="56" count="57" type="stmt"/>
        <line num="59" count="57" type="cond" truecount="2" falsecount="0"/>
        <line num="61" count="50" type="stmt"/>
        <line num="62" count="7" type="cond" truecount="2" falsecount="0"/>
        <line num="64" count="4" type="stmt"/>
        <line num="66" count="3" type="stmt"/>
        <line num="67" count="3" type="stmt"/>
        <line num="73" count="54" type="stmt"/>
        <line num="74" count="54" type="stmt"/>
        <line num="80" count="54" type="stmt"/>
        <line num="85" count="54" type="stmt"/>
        <line num="89" count="5" type="stmt"/>
        <line num="93" count="5" type="stmt"/>
        <line num="94" count="5" type="stmt"/>
        <line num="99" count="49" type="stmt"/>
      </file>
      <file name="client.ts" path="/Users/dennisfurrer/Documents/Work/Hyperliquid/hip4/src/adapter/hyperliquid/client.ts">
        <metrics statements="68" coveredstatements="65" conditionals="57" coveredconditionals="54" methods="26" coveredmethods="23"/>
        <line num="31" count="19" type="stmt"/>
        <line num="34" count="19" type="stmt"/>
        <line num="35" count="19" type="stmt"/>
        <line num="39" count="13" type="stmt"/>
        <line num="40" count="13" type="stmt"/>
        <line num="41" count="13" type="stmt"/>
        <line num="42" count="13" type="stmt"/>
        <line num="44" count="13" type="stmt"/>
        <line num="45" count="13" type="stmt"/>
        <line num="69" count="2" type="stmt"/>
        <line num="74" count="328" type="stmt"/>
        <line num="79" count="38" type="stmt"/>
        <line num="88" count="70" type="cond" truecount="4" falsecount="0"/>
        <line num="89" count="60" type="stmt"/>
        <line num="90" count="60" type="cond" truecount="2" falsecount="0"/>
        <line num="91" count="56" type="stmt"/>
        <line num="92" count="56" type="stmt"/>
        <line num="93" count="56" type="cond" truecount="3" falsecount="1"/>
        <line num="94" count="56" type="cond" truecount="2" falsecount="0"/>
        <line num="95" count="53" type="stmt"/>
        <line num="100" count="13" type="cond" truecount="2" falsecount="0"/>
        <line num="101" count="12" type="stmt"/>
        <line num="102" count="12" type="cond" truecount="2" falsecount="0"/>
        <line num="103" count="11" type="stmt"/>
        <line num="108" count="43" type="cond" truecount="4" falsecount="0"/>
        <line num="109" count="32" type="stmt"/>
        <line num="110" count="32" type="cond" truecount="2" falsecount="0"/>
        <line num="112" count="11" type="cond" truecount="2" falsecount="0"/>
        <line num="113" count="10" type="stmt"/>
        <line num="114" count="10" type="cond" truecount="1" falsecount="1"/>
        <line num="116" count="1" type="stmt"/>
        <line num="121" count="106" type="cond" truecount="3" falsecount="0"/>
        <line num="140" count="31" type="cond" truecount="2" falsecount="0"/>
        <line num="141" count="31" type="stmt"/>
        <line num="143" count="31" type="stmt"/>
        <line num="146" count="31" type="cond" truecount="2" falsecount="0"/>
        <line num="147" count="31" type="cond" truecount="2" falsecount="0"/>
        <line num="153" count="7" type="stmt"/>
        <line num="157" count="1" type="stmt"/>
        <line num="161" count="0" type="stmt"/>
        <line num="165" count="6" type="stmt"/>
        <line num="174" count="1" type="stmt"/>
        <line num="181" count="0" type="stmt"/>
        <line num="188" count="0" type="stmt"/>
        <line num="195" count="1" type="stmt"/>
        <line num="207" count="1" type="stmt"/>
        <line num="219" count="1" type="stmt"/>
        <line num="233" count="4" type="stmt"/>
        <line num="247" count="2" type="stmt"/>
        <line num="258" count="18" type="stmt"/>
        <line num="259" count="18" type="stmt"/>
        <line num="262" count="11" type="cond" truecount="5" falsecount="0"/>
        <line num="263" count="4" type="stmt"/>
        <line num="264" count="7" type="stmt"/>
        <line num="268" count="11" type="stmt"/>
        <line num="269" count="7" type="stmt"/>
        <line num="274" count="25" type="stmt"/>
        <line num="280" count="24" type="cond" truecount="2" falsecount="0"/>
        <line num="281" count="11" type="stmt"/>
        <line num="286" count="13" type="stmt"/>
        <line num="287" count="13" type="stmt"/>
        <line num="289" count="2" type="stmt"/>
        <line num="294" count="6" type="stmt"/>
        <line num="300" count="6" type="cond" truecount="2" falsecount="0"/>
        <line num="301" count="4" type="stmt"/>
        <line num="306" count="2" type="stmt"/>
        <line num="307" count="2" type="stmt"/>
        <line num="309" count="2" type="stmt"/>
      </file>
      <file name="events.ts" path="/Users/dennisfurrer/Documents/Work/Hyperliquid/hip4/src/adapter/hyperliquid/events.ts">
        <metrics statements="84" coveredstatements="82" conditionals="67" coveredconditionals="51" methods="23" coveredmethods="22"/>
        <line num="26" count="1" type="stmt"/>
        <line num="36" count="192" type="stmt"/>
        <line num="43" count="64" type="cond" truecount="1" falsecount="1"/>
        <line num="44" count="64" type="stmt"/>
        <line num="45" count="64" type="stmt"/>
        <line num="46" count="320" type="stmt"/>
        <line num="47" count="320" type="cond" truecount="3" falsecount="1"/>
        <line num="48" count="320" type="stmt"/>
        <line num="51" count="64" type="cond" truecount="1" falsecount="1"/>
        <line num="55" count="16" type="stmt"/>
        <line num="56" count="16" type="cond" truecount="1" falsecount="1"/>
        <line num="58" count="16" type="cond" truecount="1" falsecount="1"/>
        <line num="59" count="16" type="cond" truecount="1" falsecount="1"/>
        <line num="60" count="16" type="cond" truecount="1" falsecount="1"/>
        <line num="62" count="16" type="cond" truecount="1" falsecount="1"/>
        <line num="63" count="16" type="stmt"/>
        <line num="65" count="0" type="cond" truecount="0" falsecount="2"/>
        <line num="69" count="32" type="stmt"/>
        <line num="70" count="32" type="cond" truecount="1" falsecount="1"/>
        <line num="72" count="32" type="cond" truecount="1" falsecount="1"/>
        <line num="73" count="32" type="cond" truecount="2" falsecount="2"/>
        <line num="80" count="144" type="stmt"/>
        <line num="81" count="288" type="stmt"/>
        <line num="88" count="144" type="stmt"/>
        <line num="104" count="32" type="stmt"/>
        <line num="105" count="32" type="stmt"/>
        <line num="108" count="96" type="stmt"/>
        <line num="110" count="32" type="stmt"/>
        <line num="111" count="96" type="stmt"/>
        <line num="112" count="96" type="stmt"/>
        <line num="114" count="32" type="stmt"/>
        <line num="115" count="32" type="stmt"/>
        <line num="117" count="32" type="stmt"/>
        <line num="130" count="48" type="stmt"/>
        <line num="131" count="48" type="stmt"/>
        <line num="133" count="48" type="stmt"/>
        <line num="154" count="1" type="stmt"/>
        <line num="155" count="1" type="stmt"/>
        <line num="157" count="17" type="stmt"/>
        <line num="168" count="18" type="stmt"/>
        <line num="170" count="18" type="cond" truecount="4" falsecount="0"/>
        <line num="171" count="10" type="stmt"/>
        <line num="174" count="18" type="cond" truecount="2" falsecount="0"/>
        <line num="175" count="5" type="stmt"/>
        <line num="178" count="18" type="cond" truecount="2" falsecount="0"/>
        <line num="179" count="1" type="stmt"/>
        <line num="180" count="1" type="stmt"/>
        <line num="182" count="5" type="cond" truecount="2" falsecount="0"/>
        <line num="187" count="18" type="cond" truecount="2" falsecount="0"/>
        <line num="188" count="18" type="cond" truecount="2" falsecount="0"/>
        <line num="189" count="18" type="stmt"/>
        <line num="193" count="2" type="stmt"/>
        <line num="194" count="6" type="stmt"/>
        <line num="195" count="2" type="cond" truecount="2" falsecount="0"/>
        <line num="196" count="1" type="stmt"/>
        <line num="198" count="1" type="stmt"/>
        <line num="202" count="1" type="stmt"/>
        <line num="206" count="20" type="stmt"/>
        <line num="207" count="20" type="cond" truecount="2" falsecount="0"/>
        <line num="211" count="4" type="stmt"/>
        <line num="214" count="16" type="stmt"/>
        <line num="216" count="0" type="stmt"/>
        <line num="218" count="16" type="stmt"/>
        <line num="220" count="16" type="stmt"/>
        <line num="221" count="80" type="stmt"/>
        <line num="222" count="144" type="stmt"/>
        <line num="223" count="288" type="stmt"/>
        <line num="224" count="288" type="cond" truecount="2" falsecount="0"/>
        <line num="225" count="256" type="stmt"/>
        <line num="231" count="16" type="stmt"/>
        <line num="232" count="16" type="stmt"/>
        <line num="241" count="16" type="stmt"/>
        <line num="242" count="16" type="stmt"/>
        <line num="243" count="144" type="stmt"/>
        <line num="246" count="16" type="stmt"/>
        <line num="247" count="16" type="stmt"/>
        <line num="249" count="16" type="stmt"/>
        <line num="250" count="64" type="stmt"/>
        <line num="251" count="32" type="stmt"/>
        <line num="252" count="32" type="stmt"/>
        <line num="255" count="16" type="stmt"/>
        <line num="256" count="144" type="cond" truecount="2" falsecount="0"/>
        <line num="257" count="48" type="stmt"/>
        <line num="261" count="16" type="stmt"/>
      </file>
      <file name="market-data.ts" path="/Users/dennisfurrer/Documents/Work/Hyperliquid/hip4/src/adapter/hyperliquid/market-data.ts">
        <metrics statements="150" coveredstatements="144" conditionals="91" coveredconditionals="72" methods="34" coveredmethods="33"/>
        <line num="24" count="2" type="stmt"/>
        <line num="25" count="2" type="stmt"/>
        <line num="27" count="4" type="stmt"/>
        <line num="28" count="4" type="stmt"/>
        <line num="34" count="1" type="stmt"/>
        <line num="35" count="1" type="stmt"/>
        <line num="37" count="1" type="stmt"/>
        <line num="38" count="1" type="stmt"/>
        <line num="44" count="73" type="stmt"/>
        <line num="70" count="31" type="stmt"/>
        <line num="72" count="31" type="stmt"/>
        <line num="73" count="31" type="stmt"/>
        <line num="74" count="31" type="stmt"/>
        <line num="75" count="31" type="stmt"/>
        <line num="76" count="31" type="stmt"/>
        <line num="77" count="31" type="stmt"/>
        <line num="78" count="31" type="stmt"/>
        <line num="80" count="28" type="stmt"/>
        <line num="83" count="2" type="stmt"/>
        <line num="84" count="2" type="stmt"/>
        <line num="85" count="2" type="stmt"/>
        <line num="86" count="2" type="stmt"/>
        <line num="90" count="4" type="stmt"/>
        <line num="91" count="4" type="stmt"/>
        <line num="93" count="4" type="stmt"/>
        <line num="94" count="4" type="stmt"/>
        <line num="96" count="4" type="cond" truecount="2" falsecount="0"/>
        <line num="97" count="4" type="cond" truecount="2" falsecount="0"/>
        <line num="99" count="4" type="stmt"/>
        <line num="114" count="4" type="stmt"/>
        <line num="115" count="4" type="stmt"/>
        <line num="116" count="4" type="stmt"/>
        <line num="117" count="72" type="stmt"/>
        <line num="126" count="3" type="stmt"/>
        <line num="127" count="3" type="stmt"/>
        <line num="128" count="3" type="stmt"/>
        <line num="129" count="3" type="cond" truecount="2" falsecount="0"/>
        <line num="130" count="3" type="cond" truecount="2" falsecount="0"/>
        <line num="131" count="3" type="stmt"/>
        <line num="132" count="3" type="stmt"/>
        <line num="148" count="11" type="stmt"/>
        <line num="149" count="11" type="stmt"/>
        <line num="150" count="11" type="stmt"/>
        <line num="151" count="1" type="cond" truecount="1" falsecount="1"/>
        <line num="152" count="1" type="stmt"/>
        <line num="161" count="3" type="stmt"/>
        <line num="162" count="3" type="stmt"/>
        <line num="163" count="3" type="stmt"/>
        <line num="165" count="3" type="stmt"/>
        <line num="166" count="2" type="cond" truecount="1" falsecount="1"/>
        <line num="167" count="2" type="stmt"/>
        <line num="168" count="2" type="stmt"/>
        <line num="169" count="2" type="stmt"/>
        <line num="170" count="2" type="cond" truecount="4" falsecount="0"/>
        <line num="172" count="1" type="stmt"/>
        <line num="195" count="3" type="stmt"/>
        <line num="196" count="3" type="stmt"/>
        <line num="197" count="3" type="stmt"/>
        <line num="198" count="1" type="cond" truecount="1" falsecount="1"/>
        <line num="199" count="1" type="stmt"/>
        <line num="200" count="1" type="stmt"/>
        <line num="207" count="5" type="stmt"/>
        <line num="208" count="5" type="cond" truecount="2" falsecount="0"/>
        <line num="209" count="1" type="stmt"/>
        <line num="210" count="1" type="stmt"/>
        <line num="212" count="5" type="cond" truecount="2" falsecount="0"/>
        <line num="213" count="2" type="stmt"/>
        <line num="214" count="2" type="stmt"/>
        <line num="221" count="4" type="stmt"/>
        <line num="222" count="4" type="cond" truecount="2" falsecount="0"/>
        <line num="226" count="1" type="stmt"/>
        <line num="228" count="3" type="stmt"/>
        <line num="229" count="3" type="stmt"/>
        <line num="230" count="3" type="stmt"/>
        <line num="234" count="29" type="cond" truecount="2" falsecount="0"/>
        <line num="236" count="28" type="stmt"/>
        <line num="237" count="28" type="stmt"/>
        <line num="243" count="28" type="stmt"/>
        <line num="244" count="6" type="stmt"/>
        <line num="245" count="6" type="stmt"/>
        <line num="249" count="6" type="cond" truecount="4" falsecount="0"/>
        <line num="251" count="4" type="stmt"/>
        <line num="252" count="4" type="cond" truecount="1" falsecount="1"/>
        <line num="253" count="4" type="stmt"/>
        <line num="254" count="4" type="stmt"/>
        <line num="258" count="4" type="stmt"/>
        <line num="259" count="4" type="cond" truecount="1" falsecount="1"/>
        <line num="260" count="0" type="stmt"/>
        <line num="261" count="0" type="stmt"/>
        <line num="269" count="28" type="stmt"/>
        <line num="271" count="0" type="stmt"/>
        <line num="274" count="28" type="stmt"/>
        <line num="275" count="18" type="stmt"/>
        <line num="276" count="18" type="stmt"/>
        <line num="277" count="18" type="stmt"/>
        <line num="279" count="18" type="cond" truecount="2" falsecount="0"/>
        <line num="280" count="16" type="cond" truecount="2" falsecount="0"/>
        <line num="281" count="14" type="cond" truecount="2" falsecount="0"/>
        <line num="282" count="1" type="stmt"/>
        <line num="283" count="1" type="stmt"/>
        <line num="286" count="13" type="stmt"/>
        <line num="290" count="13" type="stmt"/>
        <line num="291" count="13" type="stmt"/>
        <line num="293" count="13" type="stmt"/>
        <line num="294" count="12" type="stmt"/>
        <line num="295" count="12" type="cond" truecount="1" falsecount="1"/>
        <line num="298" count="12" type="stmt"/>
        <line num="299" count="12" type="stmt"/>
        <line num="301" count="12" type="stmt"/>
        <line num="302" count="12" type="stmt"/>
        <line num="305" count="12" type="stmt"/>
        <line num="306" count="12" type="cond" truecount="1" falsecount="1"/>
        <line num="307" count="12" type="cond" truecount="1" falsecount="1"/>
        <line num="309" count="12" type="stmt"/>
        <line num="310" count="12" type="cond" truecount="1" falsecount="1"/>
        <line num="311" count="0" type="stmt"/>
        <line num="318" count="12" type="stmt"/>
        <line num="327" count="12" type="cond" truecount="1" falsecount="1"/>
        <line num="328" count="12" type="stmt"/>
        <line num="330" count="0" type="stmt"/>
        <line num="336" count="28" type="stmt"/>
        <line num="337" count="28" type="stmt"/>
        <line num="345" count="17" type="stmt"/>
        <line num="346" count="17" type="stmt"/>
        <line num="348" count="17" type="cond" truecount="2" falsecount="0"/>
        <line num="350" count="17" type="cond" truecount="1" falsecount="1"/>
        <line num="351" count="17" type="stmt"/>
        <line num="353" count="17" type="stmt"/>
        <line num="355" count="17" type="stmt"/>
        <line num="356" count="17" type="cond" truecount="2" falsecount="0"/>
        <line num="357" count="3" type="stmt"/>
        <line num="364" count="14" type="stmt"/>
        <line num="373" count="17" type="cond" truecount="1" falsecount="1"/>
        <line num="374" count="17" type="stmt"/>
        <line num="376" count="0" type="stmt"/>
        <line num="379" count="17" type="stmt"/>
        <line num="381" count="4" type="stmt"/>
        <line num="382" count="4" type="cond" truecount="1" falsecount="1"/>
        <line num="383" count="4" type="stmt"/>
        <line num="384" count="4" type="cond" truecount="1" falsecount="1"/>
        <line num="385" count="4" type="stmt"/>
        <line num="386" count="4" type="cond" truecount="1" falsecount="1"/>
        <line num="387" count="4" type="stmt"/>
        <line num="390" count="4" type="stmt"/>
        <line num="391" count="4" type="cond" truecount="4" falsecount="0"/>
        <line num="392" count="3" type="stmt"/>
        <line num="393" count="3" type="stmt"/>
        <line num="404" count="1" type="stmt"/>
        <line num="415" count="2" type="cond" truecount="3" falsecount="0"/>
        <line num="419" count="1" type="stmt"/>
      </file>
      <file name="signing.ts" path="/Users/dennisfurrer/Documents/Work/Hyperliquid/hip4/src/adapter/hyperliquid/signing.ts">
        <metrics statements="230" coveredstatements="216" conditionals="74" coveredconditionals="65" methods="19" coveredmethods="19"/>
        <line num="34" count="69" type="stmt"/>
        <line num="35" count="69" type="stmt"/>
        <line num="37" count="69" type="stmt"/>
        <line num="38" count="1624" type="stmt"/>
        <line num="39" count="69" type="stmt"/>
        <line num="40" count="69" type="stmt"/>
        <line num="41" count="69" type="stmt"/>
        <line num="42" count="1624" type="stmt"/>
        <line num="43" count="1624" type="stmt"/>
        <line num="45" count="69" type="stmt"/>
        <line num="49" count="561" type="cond" truecount="4" falsecount="0"/>
        <line num="50" count="2" type="stmt"/>
        <line num="51" count="2" type="stmt"/>
        <line num="54" count="559" type="cond" truecount="2" falsecount="0"/>
        <line num="55" count="74" type="cond" truecount="2" falsecount="0"/>
        <line num="56" count="74" type="stmt"/>
        <line num="59" count="485" type="cond" truecount="2" falsecount="0"/>
        <line num="60" count="92" type="stmt"/>
        <line num="61" count="92" type="stmt"/>
        <line num="64" count="393" type="cond" truecount="2" falsecount="0"/>
        <line num="65" count="193" type="stmt"/>
        <line num="66" count="193" type="stmt"/>
        <line num="69" count="200" type="cond" truecount="2" falsecount="0"/>
        <line num="70" count="43" type="stmt"/>
        <line num="71" count="43" type="stmt"/>
        <line num="74" count="157" type="cond" truecount="1" falsecount="1"/>
        <line num="75" count="157" type="stmt"/>
        <line num="76" count="157" type="stmt"/>
        <line num="79" count="0" type="stmt"/>
        <line num="83" count="92" type="cond" truecount="2" falsecount="0"/>
        <line num="85" count="1" type="stmt"/>
        <line num="86" count="1" type="stmt"/>
        <line num="87" count="1" type="stmt"/>
        <line num="88" count="1" type="stmt"/>
        <line num="89" count="1" type="stmt"/>
        <line num="90" count="1" type="stmt"/>
        <line num="93" count="91" type="cond" truecount="2" falsecount="0"/>
        <line num="94" count="84" type="cond" truecount="2" falsecount="0"/>
        <line num="96" count="36" type="stmt"/>
        <line num="97" count="48" type="cond" truecount="2" falsecount="0"/>
        <line num="98" count="1" type="stmt"/>
        <line num="99" count="47" type="cond" truecount="2" falsecount="0"/>
        <line num="100" count="3" type="stmt"/>
        <line num="101" count="3" type="stmt"/>
        <line num="102" count="3" type="stmt"/>
        <line num="103" count="3" type="stmt"/>
        <line num="104" count="3" type="stmt"/>
        <line num="105" count="44" type="cond" truecount="2" falsecount="0"/>
        <line num="106" count="43" type="stmt"/>
        <line num="107" count="43" type="stmt"/>
        <line num="108" count="43" type="stmt"/>
        <line num="109" count="43" type="stmt"/>
        <line num="110" count="43" type="stmt"/>
        <line num="111" count="43" type="stmt"/>
        <line num="112" count="43" type="stmt"/>
        <line num="115" count="1" type="stmt"/>
        <line num="116" count="1" type="stmt"/>
        <line num="117" count="1" type="stmt"/>
        <line num="118" count="1" type="stmt"/>
        <line num="119" count="1" type="stmt"/>
        <line num="120" count="1" type="stmt"/>
        <line num="124" count="7" type="cond" truecount="2" falsecount="0"/>
        <line num="126" count="3" type="stmt"/>
        <line num="127" count="4" type="cond" truecount="2" falsecount="0"/>
        <line num="128" count="2" type="stmt"/>
        <line num="129" count="2" type="stmt"/>
        <line num="130" count="2" type="stmt"/>
        <line num="131" count="2" type="stmt"/>
        <line num="132" count="2" type="cond" truecount="2" falsecount="0"/>
        <line num="133" count="1" type="stmt"/>
        <line num="134" count="1" type="stmt"/>
        <line num="135" count="1" type="stmt"/>
        <line num="136" count="1" type="stmt"/>
        <line num="137" count="1" type="stmt"/>
        <line num="138" count="1" type="cond" truecount="1" falsecount="1"/>
        <line num="139" count="1" type="stmt"/>
        <line num="140" count="1" type="stmt"/>
        <line num="141" count="1" type="stmt"/>
        <line num="142" count="1" type="stmt"/>
        <line num="143" count="1" type="stmt"/>
        <line num="145" count="0" type="stmt"/>
        <line num="146" count="0" type="stmt"/>
        <line num="147" count="0" type="stmt"/>
        <line num="148" count="0" type="stmt"/>
        <line num="149" count="0" type="stmt"/>
        <line num="155" count="628" type="stmt"/>
        <line num="156" count="628" type="stmt"/>
        <line num="158" count="628" type="cond" truecount="2" falsecount="0"/>
        <line num="159" count="627" type="stmt"/>
        <line num="160" count="1" type="cond" truecount="1" falsecount="1"/>
        <line num="161" count="1" type="stmt"/>
        <line num="162" count="0" type="cond" truecount="0" falsecount="2"/>
        <line num="163" count="0" type="stmt"/>
        <line num="165" count="0" type="stmt"/>
        <line num="175" count="628" type="stmt"/>
        <line num="179" count="43" type="stmt"/>
        <line num="180" count="43" type="cond" truecount="2" falsecount="0"/>
        <line num="181" count="42" type="stmt"/>
        <line num="182" count="1" type="cond" truecount="1" falsecount="1"/>
        <line num="183" count="1" type="stmt"/>
        <line num="185" count="0" type="stmt"/>
        <line num="195" count="43" type="stmt"/>
        <line num="196" count="57" type="stmt"/>
        <line num="201" count="157" type="stmt"/>
        <line num="202" count="157" type="stmt"/>
        <line num="203" count="157" type="cond" truecount="2" falsecount="0"/>
        <line num="204" count="156" type="stmt"/>
        <line num="205" count="1" type="cond" truecount="1" falsecount="1"/>
        <line num="206" count="1" type="stmt"/>
        <line num="208" count="0" type="stmt"/>
        <line num="218" count="157" type="stmt"/>
        <line num="219" count="435" type="stmt"/>
        <line num="220" count="435" type="stmt"/>
        <line num="228" count="4" type="stmt"/>
        <line num="255" count="4" type="stmt"/>
        <line num="262" count="4" type="stmt"/>
        <line num="263" count="4" type="stmt"/>
        <line num="264" count="20" type="stmt"/>
        <line num="265" count="100" type="stmt"/>
        <line num="266" count="100" type="stmt"/>
        <line num="267" count="100" type="stmt"/>
        <line num="268" count="100" type="stmt"/>
        <line num="272" count="4" type="stmt"/>
        <line num="275" count="33840" type="cond" truecount="2" falsecount="0"/>
        <line num="276" count="32712" type="stmt"/>
        <line num="280" count="47" type="stmt"/>
        <line num="282" count="1128" type="stmt"/>
        <line num="283" count="1128" type="stmt"/>
        <line num="284" count="5640" type="stmt"/>
        <line num="287" count="1128" type="stmt"/>
        <line num="288" count="5640" type="stmt"/>
        <line num="289" count="5640" type="stmt"/>
        <line num="290" count="28200" type="stmt"/>
        <line num="295" count="1128" type="stmt"/>
        <line num="296" count="1128" type="stmt"/>
        <line num="297" count="28200" type="stmt"/>
        <line num="301" count="1128" type="stmt"/>
        <line num="302" count="5640" type="stmt"/>
        <line num="303" count="5640" type="stmt"/>
        <line num="304" count="5640" type="stmt"/>
        <line num="305" count="5640" type="stmt"/>
        <line num="306" count="5640" type="stmt"/>
        <line num="307" count="5640" type="stmt"/>
        <line num="308" count="5640" type="stmt"/>
        <line num="309" count="5640" type="stmt"/>
        <line num="310" count="5640" type="stmt"/>
        <line num="311" count="5640" type="stmt"/>
        <line num="312" count="5640" type="stmt"/>
        <line num="316" count="1128" type="stmt"/>
        <line num="327" count="47" type="stmt"/>
        <line num="328" count="47" type="stmt"/>
        <line num="331" count="47" type="stmt"/>
        <line num="332" count="47" type="stmt"/>
        <line num="333" count="0" type="stmt"/>
        <line num="334" count="0" type="stmt"/>
        <line num="335" count="0" type="stmt"/>
        <line num="339" count="47" type="stmt"/>
        <line num="340" count="47" type="stmt"/>
        <line num="341" count="47" type="stmt"/>
        <line num="343" count="47" type="stmt"/>
        <line num="344" count="47" type="stmt"/>
        <line num="345" count="47" type="stmt"/>
        <line num="346" count="47" type="stmt"/>
        <line num="349" count="47" type="stmt"/>
        <line num="350" count="47" type="stmt"/>
        <line num="351" count="188" type="stmt"/>
        <line num="352" count="188" type="stmt"/>
        <line num="353" count="1504" type="stmt"/>
        <line num="356" count="47" type="stmt"/>
        <line num="365" count="47" type="stmt"/>
        <line num="366" count="47" type="stmt"/>
        <line num="367" count="799" type="stmt"/>
        <line num="368" count="799" type="stmt"/>
        <line num="369" count="799" type="stmt"/>
        <line num="370" count="6392" type="stmt"/>
        <line num="372" count="799" type="stmt"/>
        <line num="381" count="36" type="stmt"/>
        <line num="382" count="36" type="stmt"/>
        <line num="383" count="1152" type="stmt"/>
        <line num="385" count="36" type="stmt"/>
        <line num="389" count="4" type="cond" truecount="1" falsecount="1"/>
        <line num="390" count="4" type="stmt"/>
        <line num="391" count="4" type="stmt"/>
        <line num="392" count="80" type="stmt"/>
        <line num="394" count="4" type="stmt"/>
        <line num="408" count="87" type="cond" truecount="4" falsecount="0"/>
        <line num="409" count="1" type="stmt"/>
        <line num="411" count="87" type="cond" truecount="2" falsecount="0"/>
        <line num="412" count="43" type="stmt"/>
        <line num="413" count="43" type="stmt"/>
        <line num="414" count="43" type="cond" truecount="2" falsecount="0"/>
        <line num="424" count="44" type="stmt"/>
        <line num="426" count="43" type="stmt"/>
        <line num="427" count="43" type="cond" truecount="2" falsecount="0"/>
        <line num="428" count="1" type="stmt"/>
        <line num="437" count="43" type="stmt"/>
        <line num="446" count="43" type="cond" truecount="4" falsecount="0"/>
        <line num="447" count="1" type="stmt"/>
        <line num="449" count="43" type="stmt"/>
        <line num="453" count="44" type="stmt"/>
        <line num="460" count="44" type="cond" truecount="2" falsecount="0"/>
        <line num="461" count="1" type="stmt"/>
        <line num="467" count="44" type="stmt"/>
        <line num="476" count="4" type="stmt"/>
        <line num="481" count="4" type="stmt"/>
        <line num="502" count="44" type="stmt"/>
        <line num="505" count="44" type="stmt"/>
        <line num="508" count="44" type="stmt"/>
        <line num="509" count="44" type="stmt"/>
        <line num="510" count="44" type="stmt"/>
        <line num="514" count="44" type="cond" truecount="2" falsecount="0"/>
        <line num="515" count="4" type="stmt"/>
        <line num="516" count="4" type="stmt"/>
        <line num="517" count="4" type="stmt"/>
        <line num="518" count="4" type="stmt"/>
        <line num="520" count="40" type="stmt"/>
        <line num="524" count="44" type="stmt"/>
        <line num="525" count="44" type="stmt"/>
        <line num="526" count="44" type="stmt"/>
        <line num="527" count="44" type="stmt"/>
        <line num="528" count="44" type="stmt"/>
        <line num="531" count="44" type="stmt"/>
        <line num="538" count="4" type="stmt"/>
        <line num="545" count="4" type="stmt"/>
        <line num="565" count="36" type="stmt"/>
        <line num="567" count="36" type="stmt"/>
        <line num="568" count="36" type="stmt"/>
        <line num="570" count="36" type="stmt"/>
        <line num="575" count="36" type="stmt"/>
        <line num="581" count="36" type="stmt"/>
      </file>
      <file name="trading.ts" path="/Users/dennisfurrer/Documents/Work/Hyperliquid/hip4/src/adapter/hyperliquid/trading.ts">
        <metrics statements="76" coveredstatements="76" conditionals="56" coveredconditionals="52" methods="7" coveredmethods="7"/>
        <line num="37" count="27" type="cond" truecount="2" falsecount="0"/>
        <line num="39" count="26" type="cond" truecount="2" falsecount="0"/>
        <line num="40" count="1" type="stmt"/>
        <line num="41" count="25" type="cond" truecount="2" falsecount="0"/>
        <line num="42" count="2" type="stmt"/>
        <line num="43" count="23" type="cond" truecount="2" falsecount="0"/>
        <line num="44" count="1" type="stmt"/>
        <line num="46" count="22" type="stmt"/>
        <line num="48" count="26" type="stmt"/>
        <line num="55" count="34" type="cond" truecount="2" falsecount="0"/>
        <line num="56" count="7" type="stmt"/>
        <line num="58" count="27" type="cond" truecount="4" falsecount="2"/>
        <line num="63" count="1" type="stmt"/>
        <line num="65" count="1" type="stmt"/>
        <line num="70" count="25" type="stmt"/>
        <line num="88" count="37" type="stmt"/>
        <line num="90" count="37" type="cond" truecount="4" falsecount="0"/>
        <line num="91" count="18" type="stmt"/>
        <line num="92" count="18" type="stmt"/>
        <line num="93" count="18" type="cond" truecount="4" falsecount="0"/>
        <line num="94" count="2" type="stmt"/>
        <line num="96" count="16" type="stmt"/>
        <line num="99" count="19" type="stmt"/>
        <line num="100" count="19" type="cond" truecount="2" falsecount="0"/>
        <line num="101" count="4" type="stmt"/>
        <line num="102" count="4" type="cond" truecount="2" falsecount="0"/>
        <line num="103" count="1" type="stmt"/>
        <line num="105" count="3" type="stmt"/>
        <line num="108" count="15" type="stmt"/>
        <line num="114" count="31" type="cond" truecount="2" falsecount="0"/>
        <line num="115" count="28" type="stmt"/>
        <line num="121" count="3" type="cond" truecount="2" falsecount="0"/>
        <line num="122" count="1" type="stmt"/>
        <line num="127" count="2" type="cond" truecount="2" falsecount="0"/>
        <line num="128" count="1" type="stmt"/>
        <line num="133" count="1" type="stmt"/>
        <line num="142" count="45" type="stmt"/>
        <line num="143" count="45" type="stmt"/>
        <line num="149" count="38" type="stmt"/>
        <line num="150" count="38" type="cond" truecount="2" falsecount="0"/>
        <line num="151" count="2" type="stmt"/>
        <line num="157" count="36" type="stmt"/>
        <line num="158" count="36" type="stmt"/>
        <line num="162" count="36" type="cond" truecount="2" falsecount="0"/>
        <line num="165" count="7" type="cond" truecount="2" falsecount="0"/>
        <line num="167" count="7" type="stmt"/>
        <line num="173" count="27" type="cond" truecount="1" falsecount="1"/>
        <line num="174" count="27" type="stmt"/>
        <line num="175" count="27" type="stmt"/>
        <line num="178" count="34" type="stmt"/>
        <line num="188" count="34" type="stmt"/>
        <line num="195" count="34" type="stmt"/>
        <line num="197" count="34" type="stmt"/>
        <line num="199" count="34" type="stmt"/>
        <line num="200" count="34" type="stmt"/>
        <line num="201" count="34" type="stmt"/>
        <line num="208" count="34" type="stmt"/>
        <line num="215" count="33" type="cond" truecount="4" falsecount="0"/>
        <line num="216" count="1" type="stmt"/>
        <line num="219" count="32" type="stmt"/>
        <line num="220" count="32" type="cond" truecount="2" falsecount="0"/>
        <line num="221" count="1" type="stmt"/>
        <line num="224" count="31" type="stmt"/>
        <line num="225" count="31" type="stmt"/>
        <line num="231" count="1" type="cond" truecount="1" falsecount="1"/>
        <line num="232" count="1" type="stmt"/>
        <line num="237" count="3" type="stmt"/>
        <line num="238" count="3" type="cond" truecount="2" falsecount="0"/>
        <line num="239" count="1" type="stmt"/>
        <line num="243" count="2" type="cond" truecount="2" falsecount="0"/>
        <line num="246" count="3" type="stmt"/>
        <line num="248" count="3" type="stmt"/>
        <line num="254" count="3" type="stmt"/>
        <line num="256" count="3" type="stmt"/>
        <line num="257" count="3" type="stmt"/>
        <line num="264" count="2" type="stmt"/>
      </file>
      <file name="types.ts" path="/Users/dennisfurrer/Documents/Work/Hyperliquid/hip4/src/adapter/hyperliquid/types.ts">
        <metrics statements="5" coveredstatements="5" conditionals="4" coveredconditionals="4" methods="2" coveredmethods="2"/>
        <line num="299" count="10" type="cond" truecount="2" falsecount="0"/>
        <line num="300" count="10" type="stmt"/>
        <line num="311" count="38" type="cond" truecount="2" falsecount="0"/>
        <line num="312" count="1" type="stmt"/>
        <line num="314" count="37" type="stmt"/>
      </file>
    </package>
  </project>
</coverage>
