{"/Users/dennisfurrer/Documents/Work/Hyperliquid/hip4/src/adapter/factory.ts": {"path":"/Users/dennisfurrer/Documents/Work/Hyperliquid/hip4/src/adapter/factory.ts","statementMap":{"0":{"start":{"line":17,"column":2},"end":{"line":17,"column":null}}},"fnMap":{"0":{"name":"createHIP4Adapter","decl":{"start":{"line":14,"column":16},"end":{"line":14,"column":null}},"loc":{"start":{"line":16,"column":22},"end":{"line":17,"column":null}},"line":16}},"branchMap":{"0":{"loc":{"start":{"line":15,"column":2},"end":{"line":15,"column":38}},"type":"default-arg","locations":[{"start":{"line":15,"column":36},"end":{"line":15,"column":38}}],"line":15}},"s":{"0":6},"f":{"0":6},"b":{"0":[6]},"meta":{"lastBranch":1,"lastFunction":1,"lastStatement":1,"seen":{"f:14:16:14:Infinity":0,"b:15:36:15:38":0,"s:17:2:17:Infinity":0}}}
,"/Users/dennisfurrer/Documents/Work/Hyperliquid/hip4/src/adapter/hyperliquid/account.ts": {"path":"/Users/dennisfurrer/Documents/Work/Hyperliquid/hip4/src/adapter/hyperliquid/account.ts","statementMap":{"0":{"start":{"line":23,"column":25},"end":{"line":23,"column":null}},"1":{"start":{"line":36,"column":15},"end":{"line":36,"column":null}},"2":{"start":{"line":37,"column":2},"end":{"line":37,"column":null}},"3":{"start":{"line":37,"column":28},"end":{"line":37,"column":null}},"4":{"start":{"line":39,"column":16},"end":{"line":39,"column":37}},"5":{"start":{"line":40,"column":2},"end":{"line":40,"column":null}},"6":{"start":{"line":40,"column":19},"end":{"line":40,"column":null}},"7":{"start":{"line":42,"column":8},"end":{"line":42,"column":39}},"8":{"start":{"line":43,"column":19},"end":{"line":43,"column":null}},"9":{"start":{"line":45,"column":8},"end":{"line":45,"column":36}},"10":{"start":{"line":46,"column":18},"end":{"line":46,"column":null}},"11":{"start":{"line":48,"column":19},"end":{"line":48,"column":43}},"12":{"start":{"line":49,"column":18},"end":{"line":49,"column":null}},"13":{"start":{"line":51,"column":14},"end":{"line":51,"column":null}},"14":{"start":{"line":52,"column":23},"end":{"line":52,"column":null}},"15":{"start":{"line":53,"column":8},"end":{"line":53,"column":null}},"16":{"start":{"line":54,"column":26},"end":{"line":54,"column":null}},"17":{"start":{"line":56,"column":16},"end":{"line":56,"column":37}},"18":{"start":{"line":57,"column":2},"end":{"line":68,"column":null}},"19":{"start":{"line":72,"column":2},"end":{"line":72,"column":null}},"20":{"start":{"line":72,"column":32},"end":{"line":72,"column":null}},"21":{"start":{"line":74,"column":8},"end":{"line":74,"column":43}},"22":{"start":{"line":75,"column":19},"end":{"line":75,"column":null}},"23":{"start":{"line":77,"column":2},"end":{"line":86,"column":null}},"24":{"start":{"line":91,"column":21},"end":{"line":91,"column":null}},"25":{"start":{"line":92,"column":21},"end":{"line":92,"column":null}},"26":{"start":{"line":96,"column":40},"end":{"line":101,"column":6}},"27":{"start":{"line":99,"column":59},"end":{"line":99,"column":61}},"28":{"start":{"line":104,"column":20},"end":{"line":104,"column":85}},"29":{"start":{"line":105,"column":4},"end":{"line":107,"column":null}},"30":{"start":{"line":106,"column":6},"end":{"line":107,"column":null}},"31":{"start":{"line":107,"column":8},"end":{"line":107,"column":null}},"32":{"start":{"line":111,"column":44},"end":{"line":111,"column":46}},"33":{"start":{"line":112,"column":4},"end":{"line":117,"column":null}},"34":{"start":{"line":113,"column":6},"end":{"line":113,"column":null}},"35":{"start":{"line":113,"column":36},"end":{"line":113,"column":null}},"36":{"start":{"line":114,"column":6},"end":{"line":114,"column":null}},"37":{"start":{"line":114,"column":39},"end":{"line":114,"column":null}},"38":{"start":{"line":116,"column":21},"end":{"line":116,"column":58}},"39":{"start":{"line":117,"column":6},"end":{"line":117,"column":null}},"40":{"start":{"line":117,"column":18},"end":{"line":117,"column":null}},"41":{"start":{"line":120,"column":4},"end":{"line":120,"column":null}},"42":{"start":{"line":124,"column":16},"end":{"line":124,"column":26}},"43":{"start":{"line":125,"column":25},"end":{"line":125,"column":null}},"44":{"start":{"line":126,"column":22},"end":{"line":126,"column":null}},"45":{"start":{"line":128,"column":18},"end":{"line":131,"column":null}},"46":{"start":{"line":133,"column":45},"end":{"line":133,"column":47}},"47":{"start":{"line":134,"column":4},"end":{"line":136,"column":null}},"48":{"start":{"line":135,"column":21},"end":{"line":135,"column":34}},"49":{"start":{"line":136,"column":6},"end":{"line":136,"column":null}},"50":{"start":{"line":136,"column":18},"end":{"line":136,"column":null}},"51":{"start":{"line":138,"column":4},"end":{"line":138,"column":null}},"52":{"start":{"line":144,"column":18},"end":{"line":144,"column":72}},"53":{"start":{"line":145,"column":4},"end":{"line":149,"column":null}},"54":{"start":{"line":145,"column":38},"end":{"line":149,"column":7}},"55":{"start":{"line":162,"column":19},"end":{"line":162,"column":69}},"56":{"start":{"line":163,"column":4},"end":{"line":170,"column":null}},"57":{"start":{"line":163,"column":30},"end":{"line":170,"column":7}},"58":{"start":{"line":177,"column":17},"end":{"line":177,"column":null}},"59":{"start":{"line":181,"column":17},"end":{"line":190,"column":null}},"60":{"start":{"line":182,"column":6},"end":{"line":190,"column":null}},"61":{"start":{"line":183,"column":8},"end":{"line":186,"column":null}},"62":{"start":{"line":184,"column":28},"end":{"line":184,"column":62}},"63":{"start":{"line":185,"column":10},"end":{"line":185,"column":null}},"64":{"start":{"line":185,"column":22},"end":{"line":185,"column":null}},"65":{"start":{"line":189,"column":8},"end":{"line":190,"column":null}},"66":{"start":{"line":190,"column":10},"end":{"line":190,"column":null}},"67":{"start":{"line":195,"column":4},"end":{"line":195,"column":null}},"68":{"start":{"line":197,"column":4},"end":{"line":198,"column":null}},"69":{"start":{"line":198,"column":6},"end":{"line":198,"column":null}},"70":{"start":{"line":204,"column":2},"end":{"line":204,"column":null}},"71":{"start":{"line":204,"column":34},"end":{"line":204,"column":57}}},"fnMap":{"0":{"name":"mapSpotBalance","decl":{"start":{"line":31,"column":9},"end":{"line":31,"column":null}},"loc":{"start":{"line":35,"column":29},"end":{"line":68,"column":null}},"line":35},"1":{"name":"mapFill","decl":{"start":{"line":71,"column":9},"end":{"line":71,"column":17}},"loc":{"start":{"line":71,"column":57},"end":{"line":86,"column":null}},"line":71},"2":{"name":"(anonymous_2)","decl":{"start":{"line":90,"column":2},"end":{"line":90,"column":null}},"loc":{"start":{"line":93,"column":4},"end":{"line":92,"column":null}},"line":93},"3":{"name":"(anonymous_3)","decl":{"start":{"line":95,"column":8},"end":{"line":95,"column":23}},"loc":{"start":{"line":95,"column":71},"end":{"line":120,"column":null}},"line":95},"4":{"name":"(anonymous_4)","decl":{"start":{"line":99,"column":47},"end":{"line":99,"column":59}},"loc":{"start":{"line":99,"column":59},"end":{"line":99,"column":61}},"line":99},"5":{"name":"(anonymous_5)","decl":{"start":{"line":123,"column":8},"end":{"line":123,"column":22}},"loc":{"start":{"line":123,"column":70},"end":{"line":138,"column":null}},"line":123},"6":{"name":"(anonymous_6)","decl":{"start":{"line":141,"column":8},"end":{"line":141,"column":null}},"loc":{"start":{"line":143,"column":67},"end":{"line":149,"column":null}},"line":143},"7":{"name":"(anonymous_7)","decl":{"start":{"line":145,"column":26},"end":{"line":145,"column":31}},"loc":{"start":{"line":145,"column":38},"end":{"line":149,"column":7}},"line":145},"8":{"name":"(anonymous_8)","decl":{"start":{"line":152,"column":8},"end":{"line":152,"column":24}},"loc":{"start":{"line":161,"column":4},"end":{"line":170,"column":null}},"line":161},"9":{"name":"(anonymous_9)","decl":{"start":{"line":163,"column":18},"end":{"line":163,"column":23}},"loc":{"start":{"line":163,"column":30},"end":{"line":170,"column":7}},"line":163},"10":{"name":"(anonymous_10)","decl":{"start":{"line":173,"column":2},"end":{"line":173,"column":null}},"loc":{"start":{"line":176,"column":17},"end":{"line":198,"column":null}},"line":176},"11":{"name":"(anonymous_11)","decl":{"start":{"line":181,"column":17},"end":{"line":181,"column":29}},"loc":{"start":{"line":181,"column":29},"end":{"line":190,"column":null}},"line":181},"12":{"name":"(anonymous_12)","decl":{"start":{"line":197,"column":4},"end":{"line":197,"column":17}},"loc":{"start":{"line":197,"column":17},"end":{"line":198,"column":null}},"line":197},"13":{"name":"sleep","decl":{"start":{"line":203,"column":9},"end":{"line":203,"column":15}},"loc":{"start":{"line":203,"column":42},"end":{"line":204,"column":null}},"line":203},"14":{"name":"(anonymous_14)","decl":{"start":{"line":204,"column":13},"end":{"line":204,"column":22}},"loc":{"start":{"line":204,"column":34},"end":{"line":204,"column":57}},"line":204}},"branchMap":{"0":{"loc":{"start":{"line":37,"column":2},"end":{"line":37,"column":null}},"type":"if","locations":[{"start":{"line":37,"column":2},"end":{"line":37,"column":null}},{"start":{},"end":{}}],"line":37},"1":{"loc":{"start":{"line":40,"column":2},"end":{"line":40,"column":null}},"type":"if","locations":[{"start":{"line":40,"column":2},"end":{"line":40,"column":null}},{"start":{},"end":{}}],"line":40},"2":{"loc":{"start":{"line":43,"column":19},"end":{"line":43,"column":null}},"type":"cond-expr","locations":[{"start":{"line":43,"column":40},"end":{"line":43,"column":57}},{"start":{"line":43,"column":60},"end":{"line":43,"column":null}}],"line":43},"3":{"loc":{"start":{"line":46,"column":18},"end":{"line":46,"column":null}},"type":"cond-expr","locations":[{"start":{"line":46,"column":27},"end":{"line":46,"column":56}},{"start":{"line":46,"column":56},"end":{"line":46,"column":null}}],"line":46},"4":{"loc":{"start":{"line":49,"column":18},"end":{"line":49,"column":null}},"type":"cond-expr","locations":[{"start":{"line":49,"column":32},"end":{"line":49,"column":51}},{"start":{"line":49,"column":51},"end":{"line":49,"column":null}}],"line":49},"5":{"loc":{"start":{"line":52,"column":23},"end":{"line":52,"column":null}},"type":"cond-expr","locations":[{"start":{"line":52,"column":29},"end":{"line":52,"column":44}},{"start":{"line":52,"column":47},"end":{"line":52,"column":null}}],"line":52},"6":{"loc":{"start":{"line":59,"column":16},"end":{"line":59,"column":null}},"type":"binary-expr","locations":[{"start":{"line":59,"column":16},"end":{"line":59,"column":37}},{"start":{"line":59,"column":37},"end":{"line":59,"column":null}}],"line":59},"7":{"loc":{"start":{"line":60,"column":20},"end":{"line":60,"column":null}},"type":"binary-expr","locations":[{"start":{"line":60,"column":20},"end":{"line":60,"column":45}},{"start":{"line":60,"column":45},"end":{"line":60,"column":null}}],"line":60},"8":{"loc":{"start":{"line":64,"column":18},"end":{"line":64,"column":null}},"type":"binary-expr","locations":[{"start":{"line":64,"column":18},"end":{"line":64,"column":25}},{"start":{"line":64,"column":25},"end":{"line":64,"column":null}}],"line":64},"9":{"loc":{"start":{"line":72,"column":2},"end":{"line":72,"column":null}},"type":"if","locations":[{"start":{"line":72,"column":2},"end":{"line":72,"column":null}},{"start":{},"end":{}}],"line":72},"10":{"loc":{"start":{"line":75,"column":19},"end":{"line":75,"column":null}},"type":"cond-expr","locations":[{"start":{"line":75,"column":40},"end":{"line":75,"column":57}},{"start":{"line":75,"column":60},"end":{"line":75,"column":null}}],"line":75},"11":{"loc":{"start":{"line":82,"column":10},"end":{"line":82,"column":null}},"type":"cond-expr","locations":[{"start":{"line":82,"column":29},"end":{"line":82,"column":37}},{"start":{"line":82,"column":37},"end":{"line":82,"column":null}}],"line":82},"12":{"loc":{"start":{"line":99,"column":6},"end":{"line":100,"column":null}},"type":"binary-expr","locations":[{"start":{"line":99,"column":6},"end":{"line":99,"column":83}},{"start":{"line":100,"column":8},"end":{"line":100,"column":null}}],"line":99},"13":{"loc":{"start":{"line":113,"column":6},"end":{"line":113,"column":null}},"type":"if","locations":[{"start":{"line":113,"column":6},"end":{"line":113,"column":null}},{"start":{},"end":{}}],"line":113},"14":{"loc":{"start":{"line":114,"column":6},"end":{"line":114,"column":null}},"type":"if","locations":[{"start":{"line":114,"column":6},"end":{"line":114,"column":null}},{"start":{},"end":{}}],"line":114},"15":{"loc":{"start":{"line":117,"column":6},"end":{"line":117,"column":null}},"type":"if","locations":[{"start":{"line":117,"column":6},"end":{"line":117,"column":null}},{"start":{},"end":{}}],"line":117},"16":{"loc":{"start":{"line":136,"column":6},"end":{"line":136,"column":null}},"type":"if","locations":[{"start":{"line":136,"column":6},"end":{"line":136,"column":null}},{"start":{},"end":{}}],"line":136},"17":{"loc":{"start":{"line":185,"column":10},"end":{"line":185,"column":null}},"type":"if","locations":[{"start":{"line":185,"column":10},"end":{"line":185,"column":null}},{"start":{},"end":{}}],"line":185},"18":{"loc":{"start":{"line":189,"column":8},"end":{"line":190,"column":null}},"type":"if","locations":[{"start":{"line":189,"column":8},"end":{"line":190,"column":null}},{"start":{},"end":{}}],"line":189}},"s":{"0":2,"1":27,"2":27,"3":0,"4":27,"5":27,"6":0,"7":27,"8":27,"9":27,"10":27,"11":27,"12":27,"13":27,"14":27,"15":27,"16":27,"17":27,"18":27,"19":20,"20":10,"21":10,"22":10,"23":20,"24":15,"25":15,"26":10,"27":0,"28":9,"29":9,"30":0,"31":0,"32":9,"33":9,"34":54,"35":18,"36":36,"37":9,"38":27,"39":27,"40":27,"41":9,"42":5,"43":5,"44":5,"45":5,"46":5,"47":5,"48":20,"49":20,"50":10,"51":5,"52":1,"53":1,"54":6,"55":1,"56":1,"57":5,"58":2,"59":2,"60":2,"61":4,"62":4,"63":3,"64":3,"65":4,"66":4,"67":2,"68":2,"69":2,"70":4,"71":4},"f":{"0":27,"1":20,"2":15,"3":10,"4":0,"5":5,"6":1,"7":6,"8":1,"9":5,"10":2,"11":2,"12":2,"13":4,"14":4},"b":{"0":[0,27],"1":[0,27],"2":[27,0],"3":[18,9],"4":[27,0],"5":[27,0],"6":[27,27],"7":[27,27],"8":[27,0],"9":[10,10],"10":[10,0],"11":[5,5],"12":[10,10],"13":[18,36],"14":[9,27],"15":[27,0],"16":[10,10],"17":[3,0],"18":[4,0]},"meta":{"lastBranch":19,"lastFunction":15,"lastStatement":72,"seen":{"s:23:25:23:Infinity":0,"f:31:9:31:Infinity":0,"s:36:15:36:Infinity":1,"b:37:2:37:Infinity:undefined:undefined:undefined:undefined":0,"s:37:2:37:Infinity":2,"s:37:28:37:Infinity":3,"s:39:16:39:37":4,"b:40:2:40:Infinity:undefined:undefined:undefined:undefined":1,"s:40:2:40:Infinity":5,"s:40:19:40:Infinity":6,"s:42:8:42:39":7,"s:43:19:43:Infinity":8,"b:43:40:43:57:43:60:43:Infinity":2,"s:45:8:45:36":9,"s:46:18:46:Infinity":10,"b:46:27:46:56:46:56:46:Infinity":3,"s:48:19:48:43":11,"s:49:18:49:Infinity":12,"b:49:32:49:51:49:51:49:Infinity":4,"s:51:14:51:Infinity":13,"s:52:23:52:Infinity":14,"b:52:29:52:44:52:47:52:Infinity":5,"s:53:8:53:Infinity":15,"s:54:26:54:Infinity":16,"s:56:16:56:37":17,"s:57:2:68:Infinity":18,"b:59:16:59:37:59:37:59:Infinity":6,"b:60:20:60:45:60:45:60:Infinity":7,"b:64:18:64:25:64:25:64:Infinity":8,"f:71:9:71:17":1,"b:72:2:72:Infinity:undefined:undefined:undefined:undefined":9,"s:72:2:72:Infinity":19,"s:72:32:72:Infinity":20,"s:74:8:74:43":21,"s:75:19:75:Infinity":22,"b:75:40:75:57:75:60:75:Infinity":10,"s:77:2:86:Infinity":23,"b:82:29:82:37:82:37:82:Infinity":11,"f:90:2:90:Infinity":2,"s:91:21:91:Infinity":24,"s:92:21:92:Infinity":25,"f:95:8:95:23":3,"s:96:40:101:6":26,"b:99:6:99:83:100:8:100:Infinity":12,"f:99:47:99:59":4,"s:99:59:99:61":27,"s:104:20:104:85":28,"s:105:4:107:Infinity":29,"s:106:6:107:Infinity":30,"s:107:8:107:Infinity":31,"s:111:44:111:46":32,"s:112:4:117:Infinity":33,"b:113:6:113:Infinity:undefined:undefined:undefined:undefined":13,"s:113:6:113:Infinity":34,"s:113:36:113:Infinity":35,"b:114:6:114:Infinity:undefined:undefined:undefined:undefined":14,"s:114:6:114:Infinity":36,"s:114:39:114:Infinity":37,"s:116:21:116:58":38,"b:117:6:117:Infinity:undefined:undefined:undefined:undefined":15,"s:117:6:117:Infinity":39,"s:117:18:117:Infinity":40,"s:120:4:120:Infinity":41,"f:123:8:123:22":5,"s:124:16:124:26":42,"s:125:25:125:Infinity":43,"s:126:22:126:Infinity":44,"s:128:18:131:Infinity":45,"s:133:45:133:47":46,"s:134:4:136:Infinity":47,"s:135:21:135:34":48,"b:136:6:136:Infinity:undefined:undefined:undefined:undefined":16,"s:136:6:136:Infinity":49,"s:136:18:136:Infinity":50,"s:138:4:138:Infinity":51,"f:141:8:141:Infinity":6,"s:144:18:144:72":52,"s:145:4:149:Infinity":53,"f:145:26:145:31":7,"s:145:38:149:7":54,"f:152:8:152:24":8,"s:162:19:162:69":55,"s:163:4:170:Infinity":56,"f:163:18:163:23":9,"s:163:30:170:7":57,"f:173:2:173:Infinity":10,"s:177:17:177:Infinity":58,"s:181:17:190:Infinity":59,"f:181:17:181:29":11,"s:182:6:190:Infinity":60,"s:183:8:186:Infinity":61,"s:184:28:184:62":62,"b:185:10:185:Infinity:undefined:undefined:undefined:undefined":17,"s:185:10:185:Infinity":63,"s:185:22:185:Infinity":64,"b:189:8:190:Infinity:undefined:undefined:undefined:undefined":18,"s:189:8:190:Infinity":65,"s:190:10:190:Infinity":66,"s:195:4:195:Infinity":67,"s:197:4:198:Infinity":68,"f:197:4:197:17":12,"s:198:6:198:Infinity":69,"f:203:9:203:15":13,"s:204:2:204:Infinity":70,"f:204:13:204:22":14,"s:204:34:204:57":71}}}
,"/Users/dennisfurrer/Documents/Work/Hyperliquid/hip4/src/adapter/hyperliquid/agent-wallet.ts": {"path":"/Users/dennisfurrer/Documents/Work/Hyperliquid/hip4/src/adapter/hyperliquid/agent-wallet.ts","statementMap":{"0":{"start":{"line":3,"column":25},"end":{"line":8,"column":null}},"1":{"start":{"line":10,"column":23},"end":{"line":10,"column":null}},"2":{"start":{"line":11,"column":23},"end":{"line":11,"column":null}},"3":{"start":{"line":20,"column":2},"end":{"line":37,"column":null}},"4":{"start":{"line":49,"column":8},"end":{"line":49,"column":61}},"5":{"start":{"line":51,"column":17},"end":{"line":58,"column":null}},"6":{"start":{"line":60,"column":2},"end":{"line":89,"column":null}},"7":{"start":{"line":61,"column":16},"end":{"line":61,"column":null}},"8":{"start":{"line":62,"column":21},"end":{"line":70,"column":6}},"9":{"start":{"line":72,"column":20},"end":{"line":72,"column":41}},"10":{"start":{"line":77,"column":4},"end":{"line":78,"column":null}},"11":{"start":{"line":78,"column":6},"end":{"line":78,"column":null}},"12":{"start":{"line":81,"column":4},"end":{"line":84,"column":null}},"13":{"start":{"line":86,"column":4},"end":{"line":89,"column":null}}},"fnMap":{"0":{"name":"getAgentApprovalTypedData","decl":{"start":{"line":14,"column":16},"end":{"line":14,"column":null}},"loc":{"start":{"line":19,"column":2},"end":{"line":37,"column":null}},"line":19},"1":{"name":"submitAgentApproval","decl":{"start":{"line":41,"column":22},"end":{"line":41,"column":null}},"loc":{"start":{"line":48,"column":49},"end":{"line":89,"column":null}},"line":48}},"branchMap":{"0":{"loc":{"start":{"line":18,"column":2},"end":{"line":18,"column":null}},"type":"default-arg","locations":[{"start":{"line":18,"column":14},"end":{"line":18,"column":null}}],"line":18},"1":{"loc":{"start":{"line":32,"column":24},"end":{"line":32,"column":null}},"type":"cond-expr","locations":[{"start":{"line":32,"column":36},"end":{"line":32,"column":48}},{"start":{"line":32,"column":48},"end":{"line":32,"column":null}}],"line":32},"2":{"loc":{"start":{"line":46,"column":2},"end":{"line":46,"column":null}},"type":"default-arg","locations":[{"start":{"line":46,"column":14},"end":{"line":46,"column":null}}],"line":46},"3":{"loc":{"start":{"line":54,"column":22},"end":{"line":54,"column":null}},"type":"cond-expr","locations":[{"start":{"line":54,"column":34},"end":{"line":54,"column":46}},{"start":{"line":54,"column":46},"end":{"line":54,"column":null}}],"line":54},"4":{"loc":{"start":{"line":61,"column":16},"end":{"line":61,"column":null}},"type":"binary-expr","locations":[{"start":{"line":61,"column":16},"end":{"line":61,"column":31}},{"start":{"line":61,"column":31},"end":{"line":61,"column":null}}],"line":61},"5":{"loc":{"start":{"line":61,"column":34},"end":{"line":61,"column":78}},"type":"cond-expr","locations":[{"start":{"line":61,"column":46},"end":{"line":61,"column":63}},{"start":{"line":61,"column":63},"end":{"line":61,"column":78}}],"line":61},"6":{"loc":{"start":{"line":77,"column":4},"end":{"line":78,"column":null}},"type":"if","locations":[{"start":{"line":77,"column":4},"end":{"line":78,"column":null}},{"start":{},"end":{}}],"line":77},"7":{"loc":{"start":{"line":83,"column":13},"end":{"line":83,"column":null}},"type":"binary-expr","locations":[{"start":{"line":83,"column":13},"end":{"line":83,"column":39}},{"start":{"line":83,"column":39},"end":{"line":83,"column":null}}],"line":83},"8":{"loc":{"start":{"line":88,"column":13},"end":{"line":88,"column":null}},"type":"cond-expr","locations":[{"start":{"line":88,"column":38},"end":{"line":88,"column":54}},{"start":{"line":88,"column":54},"end":{"line":88,"column":null}}],"line":88}},"s":{"0":1,"1":1,"2":1,"3":7,"4":7,"5":7,"6":7,"7":7,"8":7,"9":6,"10":6,"11":5,"12":1,"13":1},"f":{"0":7,"1":7},"b":{"0":[7],"1":[6,1],"2":[7],"3":[6,1],"4":[7,6],"5":[5,1],"6":[5,1],"7":[1,0],"8":[1,0]},"meta":{"lastBranch":9,"lastFunction":2,"lastStatement":14,"seen":{"s:3:25:8:Infinity":0,"s:10:23:10:Infinity":1,"s:11:23:11:Infinity":2,"f:14:16:14:Infinity":0,"b:18:14:18:Infinity":0,"s:20:2:37:Infinity":3,"b:32:36:32:48:32:48:32:Infinity":1,"f:41:22:41:Infinity":1,"b:46:14:46:Infinity":2,"s:49:8:49:61":4,"s:51:17:58:Infinity":5,"b:54:34:54:46:54:46:54:Infinity":3,"s:60:2:89:Infinity":6,"s:61:16:61:Infinity":7,"b:61:16:61:31:61:31:61:Infinity":4,"b:61:46:61:63:61:63:61:78":5,"s:62:21:70:6":8,"s:72:20:72:41":9,"b:77:4:78:Infinity:undefined:undefined:undefined:undefined":6,"s:77:4:78:Infinity":10,"s:78:6:78:Infinity":11,"s:81:4:84:Infinity":12,"b:83:13:83:39:83:39:83:Infinity":7,"s:86:4:89:Infinity":13,"b:88:38:88:54:88:54:88:Infinity":8}}}
,"/Users/dennisfurrer/Documents/Work/Hyperliquid/hip4/src/adapter/hyperliquid/auth.ts": {"path":"/Users/dennisfurrer/Documents/Work/Hyperliquid/hip4/src/adapter/hyperliquid/auth.ts","statementMap":{"0":{"start":{"line":14,"column":2},"end":{"line":16,"column":null}},"1":{"start":{"line":22,"column":2},"end":{"line":23,"column":null}},"2":{"start":{"line":29,"column":2},"end":{"line":38,"column":null}},"3":{"start":{"line":30,"column":22},"end":{"line":30,"column":null}},"4":{"start":{"line":32,"column":7},"end":{"line":37,"column":null}},"5":{"start":{"line":42,"column":39},"end":{"line":42,"column":65}},"6":{"start":{"line":43,"column":38},"end":{"line":43,"column":null}},"7":{"start":{"line":49,"column":4},"end":{"line":53,"column":null}},"8":{"start":{"line":50,"column":6},"end":{"line":50,"column":null}},"9":{"start":{"line":51,"column":6},"end":{"line":53,"column":null}},"10":{"start":{"line":56,"column":16},"end":{"line":56,"column":null}},"11":{"start":{"line":59,"column":4},"end":{"line":70,"column":null}},"12":{"start":{"line":61,"column":6},"end":{"line":61,"column":null}},"13":{"start":{"line":62,"column":15},"end":{"line":70,"column":null}},"14":{"start":{"line":64,"column":6},"end":{"line":64,"column":null}},"15":{"start":{"line":66,"column":6},"end":{"line":66,"column":null}},"16":{"start":{"line":67,"column":6},"end":{"line":70,"column":null}},"17":{"start":{"line":73,"column":4},"end":{"line":73,"column":null}},"18":{"start":{"line":74,"column":4},"end":{"line":74,"column":null}},"19":{"start":{"line":80,"column":4},"end":{"line":83,"column":null}},"20":{"start":{"line":85,"column":4},"end":{"line":85,"column":null}},"21":{"start":{"line":89,"column":4},"end":{"line":89,"column":null}},"22":{"start":{"line":93,"column":4},"end":{"line":93,"column":null}},"23":{"start":{"line":94,"column":4},"end":{"line":94,"column":null}},"24":{"start":{"line":99,"column":4},"end":{"line":99,"column":null}}},"fnMap":{"0":{"name":"isEthersSigner","decl":{"start":{"line":13,"column":9},"end":{"line":13,"column":24}},"loc":{"start":{"line":13,"column":63},"end":{"line":16,"column":null}},"line":13},"1":{"name":"isViemAccount","decl":{"start":{"line":21,"column":9},"end":{"line":21,"column":23}},"loc":{"start":{"line":21,"column":62},"end":{"line":23,"column":null}},"line":21},"2":{"name":"wrapViemAccount","decl":{"start":{"line":28,"column":9},"end":{"line":28,"column":25}},"loc":{"start":{"line":28,"column":71},"end":{"line":38,"column":null}},"line":28},"3":{"name":"(anonymous_3)","decl":{"start":{"line":30,"column":4},"end":{"line":30,"column":22}},"loc":{"start":{"line":30,"column":22},"end":{"line":30,"column":null}},"line":30},"4":{"name":"(anonymous_4)","decl":{"start":{"line":31,"column":4},"end":{"line":31,"column":20}},"loc":{"start":{"line":32,"column":7},"end":{"line":37,"column":null}},"line":32},"5":{"name":"(anonymous_5)","decl":{"start":{"line":45,"column":8},"end":{"line":45,"column":null}},"loc":{"start":{"line":48,"column":34},"end":{"line":85,"column":null}},"line":48},"6":{"name":"(anonymous_6)","decl":{"start":{"line":88,"column":2},"end":{"line":88,"column":39}},"loc":{"start":{"line":88,"column":39},"end":{"line":89,"column":null}},"line":88},"7":{"name":"(anonymous_7)","decl":{"start":{"line":92,"column":2},"end":{"line":92,"column":20}},"loc":{"start":{"line":92,"column":20},"end":{"line":94,"column":null}},"line":92},"8":{"name":"(anonymous_8)","decl":{"start":{"line":98,"column":2},"end":{"line":98,"column":33}},"loc":{"start":{"line":98,"column":33},"end":{"line":99,"column":null}},"line":98}},"branchMap":{"0":{"loc":{"start":{"line":15,"column":4},"end":{"line":16,"column":null}},"type":"binary-expr","locations":[{"start":{"line":15,"column":4},"end":{"line":15,"column":null}},{"start":{"line":16,"column":4},"end":{"line":16,"column":null}}],"line":15},"1":{"loc":{"start":{"line":23,"column":4},"end":{"line":23,"column":null}},"type":"binary-expr","locations":[{"start":{"line":23,"column":4},"end":{"line":23,"column":39}},{"start":{"line":23,"column":39},"end":{"line":23,"column":null}}],"line":23},"2":{"loc":{"start":{"line":49,"column":4},"end":{"line":53,"column":null}},"type":"if","locations":[{"start":{"line":49,"column":4},"end":{"line":53,"column":null}},{"start":{},"end":{}}],"line":49},"3":{"loc":{"start":{"line":49,"column":8},"end":{"line":49,"column":55}},"type":"binary-expr","locations":[{"start":{"line":49,"column":8},"end":{"line":49,"column":38}},{"start":{"line":49,"column":38},"end":{"line":49,"column":55}}],"line":49},"4":{"loc":{"start":{"line":59,"column":4},"end":{"line":70,"column":null}},"type":"if","locations":[{"start":{"line":59,"column":4},"end":{"line":70,"column":null}},{"start":{"line":62,"column":15},"end":{"line":70,"column":null}}],"line":59},"5":{"loc":{"start":{"line":62,"column":15},"end":{"line":70,"column":null}},"type":"if","locations":[{"start":{"line":62,"column":15},"end":{"line":70,"column":null}},{"start":{"line":65,"column":11},"end":{"line":70,"column":null}}],"line":62}},"s":{"0":57,"1":7,"2":4,"3":1,"4":1,"5":73,"6":73,"7":61,"8":4,"9":4,"10":57,"11":57,"12":50,"13":7,"14":4,"15":3,"16":3,"17":54,"18":54,"19":54,"20":54,"21":5,"22":5,"23":5,"24":49},"f":{"0":57,"1":7,"2":4,"3":1,"4":1,"5":61,"6":5,"7":5,"8":49},"b":{"0":[57,51],"1":[7,5],"2":[4,57],"3":[61,58],"4":[50,7],"5":[4,3]},"meta":{"lastBranch":6,"lastFunction":9,"lastStatement":25,"seen":{"f:13:9:13:24":0,"s:14:2:16:Infinity":0,"b:15:4:15:Infinity:16:4:16:Infinity":0,"f:21:9:21:23":1,"s:22:2:23:Infinity":1,"b:23:4:23:39:23:39:23:Infinity":1,"f:28:9:28:25":2,"s:29:2:38:Infinity":2,"f:30:4:30:22":3,"s:30:22:30:Infinity":3,"f:31:4:31:20":4,"s:32:7:37:Infinity":4,"s:42:39:42:65":5,"s:43:38:43:Infinity":6,"f:45:8:45:Infinity":5,"b:49:4:53:Infinity:undefined:undefined:undefined:undefined":2,"s:49:4:53:Infinity":7,"b:49:8:49:38:49:38:49:55":3,"s:50:6:50:Infinity":8,"s:51:6:53:Infinity":9,"s:56:16:56:Infinity":10,"b:59:4:70:Infinity:62:15:70:Infinity":4,"s:59:4:70:Infinity":11,"s:61:6:61:Infinity":12,"b:62:15:70:Infinity:65:11:70:Infinity":5,"s:62:15:70:Infinity":13,"s:64:6:64:Infinity":14,"s:66:6:66:Infinity":15,"s:67:6:70:Infinity":16,"s:73:4:73:Infinity":17,"s:74:4:74:Infinity":18,"s:80:4:83:Infinity":19,"s:85:4:85:Infinity":20,"f:88:2:88:39":6,"s:89:4:89:Infinity":21,"f:92:2:92:20":7,"s:93:4:93:Infinity":22,"s:94:4:94:Infinity":23,"f:98:2:98:33":8,"s:99:4:99:Infinity":24}}}
,"/Users/dennisfurrer/Documents/Work/Hyperliquid/hip4/src/adapter/hyperliquid/client.ts": {"path":"/Users/dennisfurrer/Documents/Work/Hyperliquid/hip4/src/adapter/hyperliquid/client.ts","statementMap":{"0":{"start":{"line":34,"column":4},"end":{"line":34,"column":null}},"1":{"start":{"line":31,"column":20},"end":{"line":31,"column":null}},"2":{"start":{"line":35,"column":4},"end":{"line":35,"column":null}},"3":{"start":{"line":39,"column":25},"end":{"line":39,"column":null}},"4":{"start":{"line":40,"column":29},"end":{"line":40,"column":null}},"5":{"start":{"line":41,"column":25},"end":{"line":41,"column":null}},"6":{"start":{"line":42,"column":29},"end":{"line":42,"column":null}},"7":{"start":{"line":44,"column":23},"end":{"line":44,"column":null}},"8":{"start":{"line":45,"column":23},"end":{"line":45,"column":null}},"9":{"start":{"line":69,"column":2},"end":{"line":69,"column":null}},"10":{"start":{"line":74,"column":2},"end":{"line":74,"column":null}},"11":{"start":{"line":79,"column":2},"end":{"line":79,"column":null}},"12":{"start":{"line":88,"column":2},"end":{"line":88,"column":null}},"13":{"start":{"line":88,"column":54},"end":{"line":88,"column":null}},"14":{"start":{"line":89,"column":14},"end":{"line":89,"column":27}},"15":{"start":{"line":90,"column":2},"end":{"line":90,"column":null}},"16":{"start":{"line":90,"column":22},"end":{"line":90,"column":null}},"17":{"start":{"line":91,"column":20},"end":{"line":91,"column":47}},"18":{"start":{"line":92,"column":20},"end":{"line":92,"column":50}},"19":{"start":{"line":93,"column":2},"end":{"line":93,"column":null}},"20":{"start":{"line":93,"column":44},"end":{"line":93,"column":null}},"21":{"start":{"line":94,"column":2},"end":{"line":94,"column":null}},"22":{"start":{"line":94,"column":21},"end":{"line":94,"column":null}},"23":{"start":{"line":95,"column":2},"end":{"line":95,"column":null}},"24":{"start":{"line":100,"column":2},"end":{"line":100,"column":null}},"25":{"start":{"line":100,"column":29},"end":{"line":100,"column":null}},"26":{"start":{"line":101,"column":20},"end":{"line":101,"column":47}},"27":{"start":{"line":102,"column":2},"end":{"line":102,"column":null}},"28":{"start":{"line":102,"column":24},"end":{"line":102,"column":null}},"29":{"start":{"line":103,"column":2},"end":{"line":103,"column":null}},"30":{"start":{"line":108,"column":2},"end":{"line":110,"column":null}},"31":{"start":{"line":109,"column":19},"end":{"line":109,"column":38}},"32":{"start":{"line":110,"column":4},"end":{"line":110,"column":null}},"33":{"start":{"line":112,"column":2},"end":{"line":114,"column":null}},"34":{"start":{"line":113,"column":19},"end":{"line":113,"column":41}},"35":{"start":{"line":114,"column":4},"end":{"line":114,"column":null}},"36":{"start":{"line":116,"column":2},"end":{"line":116,"column":null}},"37":{"start":{"line":121,"column":2},"end":{"line":121,"column":null}},"38":{"start":{"line":140,"column":4},"end":{"line":140,"column":null}},"39":{"start":{"line":141,"column":4},"end":{"line":142,"column":null}},"40":{"start":{"line":143,"column":4},"end":{"line":145,"column":null}},"41":{"start":{"line":146,"column":4},"end":{"line":146,"column":null}},"42":{"start":{"line":147,"column":4},"end":{"line":147,"column":null}},"43":{"start":{"line":153,"column":4},"end":{"line":153,"column":null}},"44":{"start":{"line":157,"column":4},"end":{"line":157,"column":null}},"45":{"start":{"line":161,"column":4},"end":{"line":161,"column":null}},"46":{"start":{"line":165,"column":4},"end":{"line":165,"column":null}},"47":{"start":{"line":174,"column":4},"end":{"line":177,"column":null}},"48":{"start":{"line":181,"column":4},"end":{"line":184,"column":null}},"49":{"start":{"line":188,"column":4},"end":{"line":188,"column":null}},"50":{"start":{"line":195,"column":4},"end":{"line":198,"column":null}},"51":{"start":{"line":207,"column":4},"end":{"line":214,"column":null}},"52":{"start":{"line":219,"column":4},"end":{"line":222,"column":null}},"53":{"start":{"line":233,"column":4},"end":{"line":238,"column":null}},"54":{"start":{"line":247,"column":4},"end":{"line":252,"column":null}},"55":{"start":{"line":258,"column":4},"end":{"line":269,"column":null}},"56":{"start":{"line":259,"column":6},"end":{"line":259,"column":null}},"57":{"start":{"line":262,"column":6},"end":{"line":263,"column":null}},"58":{"start":{"line":263,"column":8},"end":{"line":263,"column":null}},"59":{"start":{"line":264,"column":6},"end":{"line":267,"column":null}},"60":{"start":{"line":268,"column":6},"end":{"line":268,"column":null}},"61":{"start":{"line":268,"column":31},"end":{"line":268,"column":50}},"62":{"start":{"line":269,"column":6},"end":{"line":269,"column":null}},"63":{"start":{"line":274,"column":16},"end":{"line":279,"column":6}},"64":{"start":{"line":280,"column":4},"end":{"line":284,"column":null}},"65":{"start":{"line":281,"column":6},"end":{"line":284,"column":null}},"66":{"start":{"line":286,"column":4},"end":{"line":289,"column":null}},"67":{"start":{"line":287,"column":6},"end":{"line":287,"column":null}},"68":{"start":{"line":289,"column":6},"end":{"line":289,"column":null}},"69":{"start":{"line":294,"column":16},"end":{"line":299,"column":6}},"70":{"start":{"line":300,"column":4},"end":{"line":304,"column":null}},"71":{"start":{"line":301,"column":6},"end":{"line":304,"column":null}},"72":{"start":{"line":306,"column":4},"end":{"line":309,"column":null}},"73":{"start":{"line":307,"column":6},"end":{"line":307,"column":null}},"74":{"start":{"line":309,"column":6},"end":{"line":309,"column":null}}},"fnMap":{"0":{"name":"(anonymous_0)","decl":{"start":{"line":30,"column":2},"end":{"line":30,"column":null}},"loc":{"start":{"line":33,"column":4},"end":{"line":35,"column":null}},"line":33},"1":{"name":"outcomeCoin","decl":{"start":{"line":68,"column":16},"end":{"line":68,"column":28}},"loc":{"start":{"line":68,"column":55},"end":{"line":69,"column":null}},"line":68},"2":{"name":"sideCoin","decl":{"start":{"line":73,"column":16},"end":{"line":73,"column":25}},"loc":{"start":{"line":73,"column":71},"end":{"line":74,"column":null}},"line":73},"3":{"name":"sideAssetId","decl":{"start":{"line":78,"column":16},"end":{"line":78,"column":28}},"loc":{"start":{"line":78,"column":74},"end":{"line":79,"column":null}},"line":78},"4":{"name":"parseSideCoin","decl":{"start":{"line":83,"column":16},"end":{"line":83,"column":30}},"loc":{"start":{"line":86,"column":9},"end":{"line":95,"column":null}},"line":86},"5":{"name":"parseOutcomeCoin","decl":{"start":{"line":99,"column":16},"end":{"line":99,"column":33}},"loc":{"start":{"line":99,"column":77},"end":{"line":103,"column":null}},"line":99},"6":{"name":"coinOutcomeId","decl":{"start":{"line":107,"column":16},"end":{"line":107,"column":30}},"loc":{"start":{"line":107,"column":59},"end":{"line":116,"column":null}},"line":107},"7":{"name":"isOutcomeCoin","decl":{"start":{"line":120,"column":16},"end":{"line":120,"column":30}},"loc":{"start":{"line":120,"column":53},"end":{"line":121,"column":null}},"line":120},"8":{"name":"(anonymous_8)","decl":{"start":{"line":139,"column":2},"end":{"line":139,"column":14}},"loc":{"start":{"line":139,"column":45},"end":{"line":147,"column":null}},"line":139},"9":{"name":"(anonymous_9)","decl":{"start":{"line":147,"column":22},"end":{"line":147,"column":39}},"loc":{"start":{"line":147,"column":39},"end":{"line":147,"column":null}},"line":147},"10":{"name":"(anonymous_10)","decl":{"start":{"line":152,"column":8},"end":{"line":152,"column":51}},"loc":{"start":{"line":152,"column":51},"end":{"line":153,"column":null}},"line":152},"11":{"name":"(anonymous_11)","decl":{"start":{"line":156,"column":8},"end":{"line":156,"column":20}},"loc":{"start":{"line":156,"column":53},"end":{"line":157,"column":null}},"line":156},"12":{"name":"(anonymous_12)","decl":{"start":{"line":160,"column":8},"end":{"line":160,"column":26}},"loc":{"start":{"line":160,"column":60},"end":{"line":161,"column":null}},"line":160},"13":{"name":"(anonymous_13)","decl":{"start":{"line":164,"column":8},"end":{"line":164,"column":43}},"loc":{"start":{"line":164,"column":43},"end":{"line":165,"column":null}},"line":164},"14":{"name":"(anonymous_14)","decl":{"start":{"line":168,"column":8},"end":{"line":168,"column":null}},"loc":{"start":{"line":173,"column":25},"end":{"line":177,"column":null}},"line":173},"15":{"name":"(anonymous_15)","decl":{"start":{"line":180,"column":8},"end":{"line":180,"column":32}},"loc":{"start":{"line":180,"column":77},"end":{"line":184,"column":null}},"line":180},"16":{"name":"(anonymous_16)","decl":{"start":{"line":187,"column":8},"end":{"line":187,"column":23}},"loc":{"start":{"line":187,"column":56},"end":{"line":188,"column":null}},"line":187},"17":{"name":"(anonymous_17)","decl":{"start":{"line":192,"column":8},"end":{"line":192,"column":null}},"loc":{"start":{"line":194,"column":39},"end":{"line":198,"column":null}},"line":194},"18":{"name":"(anonymous_18)","decl":{"start":{"line":202,"column":8},"end":{"line":202,"column":null}},"loc":{"start":{"line":206,"column":23},"end":{"line":214,"column":null}},"line":206},"19":{"name":"(anonymous_19)","decl":{"start":{"line":218,"column":8},"end":{"line":218,"column":32}},"loc":{"start":{"line":218,"column":74},"end":{"line":222,"column":null}},"line":218},"20":{"name":"(anonymous_20)","decl":{"start":{"line":227,"column":8},"end":{"line":227,"column":null}},"loc":{"start":{"line":232,"column":33},"end":{"line":238,"column":null}},"line":232},"21":{"name":"(anonymous_21)","decl":{"start":{"line":241,"column":8},"end":{"line":241,"column":null}},"loc":{"start":{"line":246,"column":33},"end":{"line":252,"column":null}},"line":246},"22":{"name":"(anonymous_22)","decl":{"start":{"line":257,"column":16},"end":{"line":257,"column":28}},"loc":{"start":{"line":257,"column":71},"end":{"line":269,"column":null}},"line":257},"23":{"name":"(anonymous_23)","decl":{"start":{"line":268,"column":16},"end":{"line":268,"column":25}},"loc":{"start":{"line":268,"column":31},"end":{"line":268,"column":50}},"line":268},"24":{"name":"(anonymous_24)","decl":{"start":{"line":273,"column":16},"end":{"line":273,"column":30}},"loc":{"start":{"line":273,"column":73},"end":{"line":289,"column":null}},"line":273},"25":{"name":"(anonymous_25)","decl":{"start":{"line":293,"column":16},"end":{"line":293,"column":32}},"loc":{"start":{"line":293,"column":75},"end":{"line":309,"column":null}},"line":293}},"branchMap":{"0":{"loc":{"start":{"line":88,"column":2},"end":{"line":88,"column":null}},"type":"if","locations":[{"start":{"line":88,"column":2},"end":{"line":88,"column":null}},{"start":{},"end":{}}],"line":88},"1":{"loc":{"start":{"line":88,"column":6},"end":{"line":88,"column":52}},"type":"binary-expr","locations":[{"start":{"line":88,"column":6},"end":{"line":88,"column":27}},{"start":{"line":88,"column":31},"end":{"line":88,"column":52}}],"line":88},"2":{"loc":{"start":{"line":90,"column":2},"end":{"line":90,"column":null}},"type":"if","locations":[{"start":{"line":90,"column":2},"end":{"line":90,"column":null}},{"start":{},"end":{}}],"line":90},"3":{"loc":{"start":{"line":93,"column":2},"end":{"line":93,"column":null}},"type":"if","locations":[{"start":{"line":93,"column":2},"end":{"line":93,"column":null}},{"start":{},"end":{}}],"line":93},"4":{"loc":{"start":{"line":93,"column":6},"end":{"line":93,"column":42}},"type":"binary-expr","locations":[{"start":{"line":93,"column":6},"end":{"line":93,"column":22}},{"start":{"line":93,"column":26},"end":{"line":93,"column":42}}],"line":93},"5":{"loc":{"start":{"line":94,"column":2},"end":{"line":94,"column":null}},"type":"if","locations":[{"start":{"line":94,"column":2},"end":{"line":94,"column":null}},{"start":{},"end":{}}],"line":94},"6":{"loc":{"start":{"line":100,"column":2},"end":{"line":100,"column":null}},"type":"if","locations":[{"start":{"line":100,"column":2},"end":{"line":100,"column":null}},{"start":{},"end":{}}],"line":100},"7":{"loc":{"start":{"line":102,"column":2},"end":{"line":102,"column":null}},"type":"if","locations":[{"start":{"line":102,"column":2},"end":{"line":102,"column":null}},{"start":{},"end":{}}],"line":102},"8":{"loc":{"start":{"line":108,"column":2},"end":{"line":110,"column":null}},"type":"if","locations":[{"start":{"line":108,"column":2},"end":{"line":110,"column":null}},{"start":{},"end":{}}],"line":108},"9":{"loc":{"start":{"line":108,"column":6},"end":{"line":108,"column":50}},"type":"binary-expr","locations":[{"start":{"line":108,"column":6},"end":{"line":108,"column":26}},{"start":{"line":108,"column":30},"end":{"line":108,"column":50}}],"line":108},"10":{"loc":{"start":{"line":110,"column":11},"end":{"line":110,"column":null}},"type":"cond-expr","locations":[{"start":{"line":110,"column":20},"end":{"line":110,"column":39}},{"start":{"line":110,"column":39},"end":{"line":110,"column":null}}],"line":110},"11":{"loc":{"start":{"line":112,"column":2},"end":{"line":114,"column":null}},"type":"if","locations":[{"start":{"line":112,"column":2},"end":{"line":114,"column":null}},{"start":{},"end":{}}],"line":112},"12":{"loc":{"start":{"line":114,"column":11},"end":{"line":114,"column":null}},"type":"cond-expr","locations":[{"start":{"line":114,"column":20},"end":{"line":114,"column":39}},{"start":{"line":114,"column":39},"end":{"line":114,"column":null}}],"line":114},"13":{"loc":{"start":{"line":121,"column":9},"end":{"line":121,"column":77}},"type":"binary-expr","locations":[{"start":{"line":121,"column":9},"end":{"line":121,"column":29}},{"start":{"line":121,"column":33},"end":{"line":121,"column":53}},{"start":{"line":121,"column":57},"end":{"line":121,"column":77}}],"line":121},"14":{"loc":{"start":{"line":139,"column":14},"end":{"line":139,"column":43}},"type":"default-arg","locations":[{"start":{"line":139,"column":41},"end":{"line":139,"column":43}}],"line":139},"15":{"loc":{"start":{"line":140,"column":19},"end":{"line":140,"column":null}},"type":"binary-expr","locations":[{"start":{"line":140,"column":19},"end":{"line":140,"column":37}},{"start":{"line":140,"column":37},"end":{"line":140,"column":null}}],"line":140},"16":{"loc":{"start":{"line":142,"column":6},"end":{"line":142,"column":null}},"type":"binary-expr","locations":[{"start":{"line":142,"column":6},"end":{"line":142,"column":25}},{"start":{"line":142,"column":25},"end":{"line":142,"column":null}}],"line":142},"17":{"loc":{"start":{"line":142,"column":25},"end":{"line":142,"column":null}},"type":"cond-expr","locations":[{"start":{"line":142,"column":40},"end":{"line":142,"column":59}},{"start":{"line":142,"column":59},"end":{"line":142,"column":null}}],"line":142},"18":{"loc":{"start":{"line":144,"column":6},"end":{"line":145,"column":null}},"type":"binary-expr","locations":[{"start":{"line":144,"column":6},"end":{"line":144,"column":null}},{"start":{"line":145,"column":7},"end":{"line":145,"column":null}}],"line":144},"19":{"loc":{"start":{"line":145,"column":7},"end":{"line":145,"column":null}},"type":"cond-expr","locations":[{"start":{"line":145,"column":22},"end":{"line":145,"column":45}},{"start":{"line":145,"column":45},"end":{"line":145,"column":null}}],"line":145},"20":{"loc":{"start":{"line":146,"column":17},"end":{"line":146,"column":null}},"type":"cond-expr","locations":[{"start":{"line":146,"column":32},"end":{"line":146,"column":49}},{"start":{"line":146,"column":49},"end":{"line":146,"column":null}}],"line":146},"21":{"loc":{"start":{"line":147,"column":15},"end":{"line":147,"column":null}},"type":"binary-expr","locations":[{"start":{"line":147,"column":15},"end":{"line":147,"column":39}},{"start":{"line":147,"column":22},"end":{"line":147,"column":null}}],"line":147},"22":{"loc":{"start":{"line":231,"column":4},"end":{"line":231,"column":null}},"type":"default-arg","locations":[{"start":{"line":231,"column":34},"end":{"line":231,"column":null}}],"line":231},"23":{"loc":{"start":{"line":245,"column":4},"end":{"line":245,"column":null}},"type":"default-arg","locations":[{"start":{"line":245,"column":34},"end":{"line":245,"column":null}}],"line":245},"24":{"loc":{"start":{"line":262,"column":6},"end":{"line":263,"column":null}},"type":"if","locations":[{"start":{"line":262,"column":6},"end":{"line":263,"column":null}},{"start":{},"end":{}}],"line":262},"25":{"loc":{"start":{"line":262,"column":10},"end":{"line":262,"column":null}},"type":"binary-expr","locations":[{"start":{"line":262,"column":10},"end":{"line":262,"column":39}},{"start":{"line":262,"column":39},"end":{"line":262,"column":60}},{"start":{"line":262,"column":60},"end":{"line":262,"column":null}}],"line":262},"26":{"loc":{"start":{"line":266,"column":15},"end":{"line":266,"column":null}},"type":"cond-expr","locations":[{"start":{"line":266,"column":38},"end":{"line":266,"column":52}},{"start":{"line":266,"column":52},"end":{"line":266,"column":null}}],"line":266},"27":{"loc":{"start":{"line":280,"column":4},"end":{"line":284,"column":null}},"type":"if","locations":[{"start":{"line":280,"column":4},"end":{"line":284,"column":null}},{"start":{},"end":{}}],"line":280},"28":{"loc":{"start":{"line":300,"column":4},"end":{"line":304,"column":null}},"type":"if","locations":[{"start":{"line":300,"column":4},"end":{"line":304,"column":null}},{"start":{},"end":{}}],"line":300}},"s":{"0":19,"1":19,"2":19,"3":13,"4":13,"5":13,"6":13,"7":13,"8":13,"9":2,"10":328,"11":38,"12":70,"13":10,"14":60,"15":60,"16":4,"17":56,"18":56,"19":56,"20":0,"21":56,"22":3,"23":53,"24":13,"25":1,"26":12,"27":12,"28":1,"29":11,"30":43,"31":32,"32":32,"33":11,"34":10,"35":10,"36":1,"37":106,"38":31,"39":31,"40":31,"41":31,"42":31,"43":7,"44":1,"45":0,"46":6,"47":1,"48":0,"49":0,"50":1,"51":1,"52":1,"53":4,"54":2,"55":18,"56":18,"57":11,"58":4,"59":7,"60":11,"61":7,"62":7,"63":25,"64":24,"65":11,"66":13,"67":13,"68":2,"69":6,"70":6,"71":4,"72":2,"73":2,"74":2},"f":{"0":19,"1":2,"2":328,"3":38,"4":70,"5":13,"6":43,"7":106,"8":31,"9":7,"10":7,"11":1,"12":0,"13":6,"14":1,"15":0,"16":0,"17":1,"18":1,"19":1,"20":4,"21":2,"22":18,"23":7,"24":25,"25":6},"b":{"0":[10,60],"1":[70,17],"2":[4,56],"3":[0,56],"4":[56,56],"5":[3,53],"6":[1,12],"7":[1,11],"8":[32,11],"9":[43,14],"10":[31,1],"11":[10,1],"12":[10,0],"13":[106,87,31],"14":[31],"15":[31,24],"16":[31,30],"17":[28,2],"18":[31,30],"19":[28,2],"20":[29,2],"21":[31,7],"22":[4],"23":[2],"24":[4,7],"25":[11,10,9],"26":[7,0],"27":[11,13],"28":[4,2]},"meta":{"lastBranch":29,"lastFunction":26,"lastStatement":75,"seen":{"f:30:2:30:Infinity":0,"s:34:4:34:Infinity":0,"s:31:20:31:Infinity":1,"s:35:4:35:Infinity":2,"s:39:25:39:Infinity":3,"s:40:29:40:Infinity":4,"s:41:25:41:Infinity":5,"s:42:29:42:Infinity":6,"s:44:23:44:Infinity":7,"s:45:23:45:Infinity":8,"f:68:16:68:28":1,"s:69:2:69:Infinity":9,"f:73:16:73:25":2,"s:74:2:74:Infinity":10,"f:78:16:78:28":3,"s:79:2:79:Infinity":11,"f:83:16:83:30":4,"b:88:2:88:Infinity:undefined:undefined:undefined:undefined":0,"s:88:2:88:Infinity":12,"b:88:6:88:27:88:31:88:52":1,"s:88:54:88:Infinity":13,"s:89:14:89:27":14,"b:90:2:90:Infinity:undefined:undefined:undefined:undefined":2,"s:90:2:90:Infinity":15,"s:90:22:90:Infinity":16,"s:91:20:91:47":17,"s:92:20:92:50":18,"b:93:2:93:Infinity:undefined:undefined:undefined:undefined":3,"s:93:2:93:Infinity":19,"b:93:6:93:22:93:26:93:42":4,"s:93:44:93:Infinity":20,"b:94:2:94:Infinity:undefined:undefined:undefined:undefined":5,"s:94:2:94:Infinity":21,"s:94:21:94:Infinity":22,"s:95:2:95:Infinity":23,"f:99:16:99:33":5,"b:100:2:100:Infinity:undefined:undefined:undefined:undefined":6,"s:100:2:100:Infinity":24,"s:100:29:100:Infinity":25,"s:101:20:101:47":26,"b:102:2:102:Infinity:undefined:undefined:undefined:undefined":7,"s:102:2:102:Infinity":27,"s:102:24:102:Infinity":28,"s:103:2:103:Infinity":29,"f:107:16:107:30":6,"b:108:2:110:Infinity:undefined:undefined:undefined:undefined":8,"s:108:2:110:Infinity":30,"b:108:6:108:26:108:30:108:50":9,"s:109:19:109:38":31,"s:110:4:110:Infinity":32,"b:110:20:110:39:110:39:110:Infinity":10,"b:112:2:114:Infinity:undefined:undefined:undefined:undefined":11,"s:112:2:114:Infinity":33,"s:113:19:113:41":34,"s:114:4:114:Infinity":35,"b:114:20:114:39:114:39:114:Infinity":12,"s:116:2:116:Infinity":36,"f:120:16:120:30":7,"s:121:2:121:Infinity":37,"b:121:9:121:29:121:33:121:53:121:57:121:77":13,"f:139:2:139:14":8,"b:139:41:139:43":14,"s:140:4:140:Infinity":38,"b:140:19:140:37:140:37:140:Infinity":15,"s:141:4:142:Infinity":39,"b:142:6:142:25:142:25:142:Infinity":16,"b:142:40:142:59:142:59:142:Infinity":17,"s:143:4:145:Infinity":40,"b:144:6:144:Infinity:145:7:145:Infinity":18,"b:145:22:145:45:145:45:145:Infinity":19,"s:146:4:146:Infinity":41,"b:146:32:146:49:146:49:146:Infinity":20,"s:147:4:147:Infinity":42,"b:147:15:147:39:147:22:147:Infinity":21,"f:147:22:147:39":9,"f:152:8:152:51":10,"s:153:4:153:Infinity":43,"f:156:8:156:20":11,"s:157:4:157:Infinity":44,"f:160:8:160:26":12,"s:161:4:161:Infinity":45,"f:164:8:164:43":13,"s:165:4:165:Infinity":46,"f:168:8:168:Infinity":14,"s:174:4:177:Infinity":47,"f:180:8:180:32":15,"s:181:4:184:Infinity":48,"f:187:8:187:23":16,"s:188:4:188:Infinity":49,"f:192:8:192:Infinity":17,"s:195:4:198:Infinity":50,"f:202:8:202:Infinity":18,"s:207:4:214:Infinity":51,"f:218:8:218:32":19,"s:219:4:222:Infinity":52,"f:227:8:227:Infinity":20,"b:231:34:231:Infinity":22,"s:233:4:238:Infinity":53,"f:241:8:241:Infinity":21,"b:245:34:245:Infinity":23,"s:247:4:252:Infinity":54,"f:257:16:257:28":22,"s:258:4:269:Infinity":55,"s:259:6:259:Infinity":56,"b:262:6:263:Infinity:undefined:undefined:undefined:undefined":24,"s:262:6:263:Infinity":57,"b:262:10:262:39:262:39:262:60:262:60:262:Infinity":25,"s:263:8:263:Infinity":58,"s:264:6:267:Infinity":59,"b:266:38:266:52:266:52:266:Infinity":26,"s:268:6:268:Infinity":60,"f:268:16:268:25":23,"s:268:31:268:50":61,"s:269:6:269:Infinity":62,"f:273:16:273:30":24,"s:274:16:279:6":63,"b:280:4:284:Infinity:undefined:undefined:undefined:undefined":27,"s:280:4:284:Infinity":64,"s:281:6:284:Infinity":65,"s:286:4:289:Infinity":66,"s:287:6:287:Infinity":67,"s:289:6:289:Infinity":68,"f:293:16:293:32":25,"s:294:16:299:6":69,"b:300:4:304:Infinity:undefined:undefined:undefined:undefined":28,"s:300:4:304:Infinity":70,"s:301:6:304:Infinity":71,"s:306:4:309:Infinity":72,"s:307:6:307:Infinity":73,"s:309:6:309:Infinity":74}}}
,"/Users/dennisfurrer/Documents/Work/Hyperliquid/hip4/src/adapter/hyperliquid/events.ts": {"path":"/Users/dennisfurrer/Documents/Work/Hyperliquid/hip4/src/adapter/hyperliquid/events.ts","statementMap":{"0":{"start":{"line":26,"column":41},"end":{"line":28,"column":null}},"1":{"start":{"line":36,"column":2},"end":{"line":36,"column":null}},"2":{"start":{"line":43,"column":2},"end":{"line":43,"column":null}},"3":{"start":{"line":43,"column":27},"end":{"line":43,"column":null}},"4":{"start":{"line":44,"column":41},"end":{"line":44,"column":43}},"5":{"start":{"line":45,"column":2},"end":{"line":48,"column":null}},"6":{"start":{"line":46,"column":27},"end":{"line":46,"column":45}},"7":{"start":{"line":47,"column":4},"end":{"line":48,"column":null}},"8":{"start":{"line":48,"column":6},"end":{"line":48,"column":null}},"9":{"start":{"line":51,"column":2},"end":{"line":51,"column":null}},"10":{"start":{"line":55,"column":17},"end":{"line":55,"column":63}},"11":{"start":{"line":56,"column":2},"end":{"line":56,"column":null}},"12":{"start":{"line":56,"column":15},"end":{"line":56,"column":null}},"13":{"start":{"line":58,"column":21},"end":{"line":58,"column":null}},"14":{"start":{"line":59,"column":17},"end":{"line":59,"column":null}},"15":{"start":{"line":60,"column":17},"end":{"line":60,"column":null}},"16":{"start":{"line":62,"column":2},"end":{"line":63,"column":null}},"17":{"start":{"line":63,"column":4},"end":{"line":63,"column":null}},"18":{"start":{"line":65,"column":2},"end":{"line":65,"column":null}},"19":{"start":{"line":69,"column":17},"end":{"line":69,"column":63}},"20":{"start":{"line":70,"column":2},"end":{"line":70,"column":null}},"21":{"start":{"line":70,"column":15},"end":{"line":70,"column":null}},"22":{"start":{"line":72,"column":17},"end":{"line":72,"column":null}},"23":{"start":{"line":73,"column":2},"end":{"line":73,"column":null}},"24":{"start":{"line":80,"column":40},"end":{"line":85,"column":null}},"25":{"start":{"line":81,"column":26},"end":{"line":85,"column":null}},"26":{"start":{"line":88,"column":2},"end":{"line":97,"column":null}},"27":{"start":{"line":104,"column":18},"end":{"line":104,"column":null}},"28":{"start":{"line":105,"column":24},"end":{"line":108,"column":38}},"29":{"start":{"line":108,"column":19},"end":{"line":108,"column":37}},"30":{"start":{"line":110,"column":18},"end":{"line":112,"column":47}},"31":{"start":{"line":111,"column":17},"end":{"line":111,"column":35}},"32":{"start":{"line":112,"column":16},"end":{"line":112,"column":46}},"33":{"start":{"line":114,"column":18},"end":{"line":114,"column":56}},"34":{"start":{"line":115,"column":23},"end":{"line":115,"column":76}},"35":{"start":{"line":115,"column":59},"end":{"line":115,"column":75}},"36":{"start":{"line":117,"column":2},"end":{"line":126,"column":null}},"37":{"start":{"line":130,"column":18},"end":{"line":130,"column":null}},"38":{"start":{"line":131,"column":20},"end":{"line":131,"column":40}},"39":{"start":{"line":133,"column":2},"end":{"line":146,"column":null}},"40":{"start":{"line":154,"column":75},"end":{"line":154,"column":null}},"41":{"start":{"line":155,"column":41},"end":{"line":155,"column":null}},"42":{"start":{"line":157,"column":31},"end":{"line":157,"column":51}},"43":{"start":{"line":168,"column":17},"end":{"line":168,"column":40}},"44":{"start":{"line":170,"column":4},"end":{"line":171,"column":null}},"45":{"start":{"line":171,"column":6},"end":{"line":171,"column":null}},"46":{"start":{"line":171,"column":36},"end":{"line":171,"column":67}},"47":{"start":{"line":174,"column":4},"end":{"line":175,"column":null}},"48":{"start":{"line":175,"column":6},"end":{"line":175,"column":null}},"49":{"start":{"line":175,"column":36},"end":{"line":175,"column":58}},"50":{"start":{"line":178,"column":4},"end":{"line":184,"column":null}},"51":{"start":{"line":179,"column":16},"end":{"line":179,"column":42}},"52":{"start":{"line":180,"column":6},"end":{"line":184,"column":null}},"53":{"start":{"line":182,"column":10},"end":{"line":183,"column":49}},"54":{"start":{"line":187,"column":19},"end":{"line":187,"column":null}},"55":{"start":{"line":188,"column":18},"end":{"line":188,"column":null}},"56":{"start":{"line":189,"column":4},"end":{"line":189,"column":null}},"57":{"start":{"line":193,"column":19},"end":{"line":193,"column":42}},"58":{"start":{"line":194,"column":18},"end":{"line":194,"column":54}},"59":{"start":{"line":194,"column":37},"end":{"line":194,"column":54}},"60":{"start":{"line":195,"column":4},"end":{"line":196,"column":null}},"61":{"start":{"line":196,"column":6},"end":{"line":196,"column":null}},"62":{"start":{"line":198,"column":4},"end":{"line":198,"column":null}},"63":{"start":{"line":202,"column":4},"end":{"line":202,"column":null}},"64":{"start":{"line":206,"column":16},"end":{"line":206,"column":26}},"65":{"start":{"line":207,"column":4},"end":{"line":211,"column":null}},"66":{"start":{"line":211,"column":6},"end":{"line":211,"column":null}},"67":{"start":{"line":214,"column":25},"end":{"line":217,"column":6}},"68":{"start":{"line":216,"column":46},"end":{"line":216,"column":48}},"69":{"start":{"line":218,"column":19},"end":{"line":218,"column":44}},"70":{"start":{"line":220,"column":4},"end":{"line":225,"column":null}},"71":{"start":{"line":221,"column":6},"end":{"line":225,"column":null}},"72":{"start":{"line":222,"column":8},"end":{"line":225,"column":null}},"73":{"start":{"line":223,"column":22},"end":{"line":223,"column":null}},"74":{"start":{"line":224,"column":10},"end":{"line":225,"column":null}},"75":{"start":{"line":225,"column":12},"end":{"line":225,"column":null}},"76":{"start":{"line":231,"column":4},"end":{"line":231,"column":null}},"77":{"start":{"line":232,"column":4},"end":{"line":232,"column":null}},"78":{"start":{"line":241,"column":21},"end":{"line":241,"column":49}},"79":{"start":{"line":242,"column":2},"end":{"line":243,"column":null}},"80":{"start":{"line":243,"column":4},"end":{"line":243,"column":null}},"81":{"start":{"line":246,"column":26},"end":{"line":246,"column":43}},"82":{"start":{"line":247,"column":36},"end":{"line":247,"column":38}},"83":{"start":{"line":249,"column":2},"end":{"line":252,"column":null}},"84":{"start":{"line":250,"column":4},"end":{"line":250,"column":null}},"85":{"start":{"line":250,"column":38},"end":{"line":250,"column":null}},"86":{"start":{"line":251,"column":4},"end":{"line":251,"column":null}},"87":{"start":{"line":252,"column":4},"end":{"line":252,"column":null}},"88":{"start":{"line":255,"column":2},"end":{"line":257,"column":null}},"89":{"start":{"line":256,"column":4},"end":{"line":257,"column":null}},"90":{"start":{"line":257,"column":6},"end":{"line":257,"column":null}},"91":{"start":{"line":261,"column":2},"end":{"line":261,"column":null}}},"fnMap":{"0":{"name":"isRecurring","decl":{"start":{"line":35,"column":9},"end":{"line":35,"column":21}},"loc":{"start":{"line":35,"column":50},"end":{"line":36,"column":null}},"line":35},"1":{"name":"parseRecurringDescription","decl":{"start":{"line":40,"column":9},"end":{"line":40,"column":null}},"loc":{"start":{"line":42,"column":33},"end":{"line":51,"column":null}},"line":42},"2":{"name":"recurringTitle","decl":{"start":{"line":54,"column":9},"end":{"line":54,"column":24}},"loc":{"start":{"line":54,"column":52},"end":{"line":65,"column":null}},"line":54},"3":{"name":"recurringDescription","decl":{"start":{"line":68,"column":9},"end":{"line":68,"column":30}},"loc":{"start":{"line":68,"column":58},"end":{"line":73,"column":null}},"line":68},"4":{"name":"mapOutcomeToMarket","decl":{"start":{"line":76,"column":9},"end":{"line":76,"column":null}},"loc":{"start":{"line":79,"column":20},"end":{"line":97,"column":null}},"line":79},"5":{"name":"(anonymous_5)","decl":{"start":{"line":80,"column":58},"end":{"line":80,"column":null}},"loc":{"start":{"line":81,"column":26},"end":{"line":85,"column":null}},"line":81},"6":{"name":"mapQuestionToEvent","decl":{"start":{"line":100,"column":9},"end":{"line":100,"column":null}},"loc":{"start":{"line":103,"column":19},"end":{"line":126,"column":null}},"line":103},"7":{"name":"(anonymous_7)","decl":{"start":{"line":108,"column":4},"end":{"line":108,"column":12}},"loc":{"start":{"line":108,"column":19},"end":{"line":108,"column":37}},"line":108},"8":{"name":"(anonymous_8)","decl":{"start":{"line":111,"column":5},"end":{"line":111,"column":10}},"loc":{"start":{"line":111,"column":17},"end":{"line":111,"column":35}},"line":111},"9":{"name":"(anonymous_9)","decl":{"start":{"line":112,"column":5},"end":{"line":112,"column":10}},"loc":{"start":{"line":112,"column":16},"end":{"line":112,"column":46}},"line":112},"10":{"name":"(anonymous_10)","decl":{"start":{"line":115,"column":46},"end":{"line":115,"column":52}},"loc":{"start":{"line":115,"column":59},"end":{"line":115,"column":75}},"line":115},"11":{"name":"mapStandaloneOutcomeToEvent","decl":{"start":{"line":129,"column":9},"end":{"line":129,"column":37}},"loc":{"start":{"line":129,"column":74},"end":{"line":146,"column":null}},"line":129},"12":{"name":"(anonymous_12)","decl":{"start":{"line":157,"column":2},"end":{"line":157,"column":14}},"loc":{"start":{"line":157,"column":51},"end":{"line":157,"column":51}},"line":157},"13":{"name":"(anonymous_13)","decl":{"start":{"line":159,"column":8},"end":{"line":159,"column":null}},"loc":{"start":{"line":167,"column":32},"end":{"line":189,"column":null}},"line":167},"14":{"name":"(anonymous_14)","decl":{"start":{"line":171,"column":22},"end":{"line":171,"column":30}},"loc":{"start":{"line":171,"column":36},"end":{"line":171,"column":67}},"line":171},"15":{"name":"(anonymous_15)","decl":{"start":{"line":175,"column":22},"end":{"line":175,"column":30}},"loc":{"start":{"line":175,"column":36},"end":{"line":175,"column":58}},"line":175},"16":{"name":"(anonymous_16)","decl":{"start":{"line":180,"column":22},"end":{"line":180,"column":null}},"loc":{"start":{"line":182,"column":10},"end":{"line":183,"column":49}},"line":182},"17":{"name":"(anonymous_17)","decl":{"start":{"line":192,"column":8},"end":{"line":192,"column":19}},"loc":{"start":{"line":192,"column":62},"end":{"line":198,"column":null}},"line":192},"18":{"name":"(anonymous_18)","decl":{"start":{"line":194,"column":25},"end":{"line":194,"column":31}},"loc":{"start":{"line":194,"column":37},"end":{"line":194,"column":54}},"line":194},"19":{"name":"(anonymous_19)","decl":{"start":{"line":201,"column":8},"end":{"line":201,"column":57}},"loc":{"start":{"line":201,"column":57},"end":{"line":202,"column":null}},"line":201},"20":{"name":"(anonymous_20)","decl":{"start":{"line":205,"column":16},"end":{"line":205,"column":57}},"loc":{"start":{"line":205,"column":57},"end":{"line":232,"column":null}},"line":205},"21":{"name":"(anonymous_21)","decl":{"start":{"line":216,"column":33},"end":{"line":216,"column":46}},"loc":{"start":{"line":216,"column":46},"end":{"line":216,"column":48}},"line":216},"22":{"name":"buildEventsFromMeta","decl":{"start":{"line":240,"column":9},"end":{"line":240,"column":29}},"loc":{"start":{"line":240,"column":69},"end":{"line":261,"column":null}},"line":240}},"branchMap":{"0":{"loc":{"start":{"line":43,"column":2},"end":{"line":43,"column":null}},"type":"if","locations":[{"start":{"line":43,"column":2},"end":{"line":43,"column":null}},{"start":{},"end":{}}],"line":43},"1":{"loc":{"start":{"line":47,"column":4},"end":{"line":48,"column":null}},"type":"if","locations":[{"start":{"line":47,"column":4},"end":{"line":48,"column":null}},{"start":{},"end":{}}],"line":47},"2":{"loc":{"start":{"line":47,"column":8},"end":{"line":47,"column":32}},"type":"binary-expr","locations":[{"start":{"line":47,"column":8},"end":{"line":47,"column":15}},{"start":{"line":47,"column":15},"end":{"line":47,"column":32}}],"line":47},"3":{"loc":{"start":{"line":51,"column":9},"end":{"line":51,"column":null}},"type":"cond-expr","locations":[{"start":{"line":51,"column":42},"end":{"line":51,"column":51}},{"start":{"line":51,"column":51},"end":{"line":51,"column":null}}],"line":51},"4":{"loc":{"start":{"line":56,"column":2},"end":{"line":56,"column":null}},"type":"if","locations":[{"start":{"line":56,"column":2},"end":{"line":56,"column":null}},{"start":{},"end":{}}],"line":56},"5":{"loc":{"start":{"line":58,"column":21},"end":{"line":58,"column":null}},"type":"binary-expr","locations":[{"start":{"line":58,"column":21},"end":{"line":58,"column":42}},{"start":{"line":58,"column":42},"end":{"line":58,"column":null}}],"line":58},"6":{"loc":{"start":{"line":59,"column":17},"end":{"line":59,"column":null}},"type":"binary-expr","locations":[{"start":{"line":59,"column":17},"end":{"line":59,"column":39}},{"start":{"line":59,"column":39},"end":{"line":59,"column":null}}],"line":59},"7":{"loc":{"start":{"line":60,"column":17},"end":{"line":60,"column":null}},"type":"binary-expr","locations":[{"start":{"line":60,"column":17},"end":{"line":60,"column":34}},{"start":{"line":60,"column":34},"end":{"line":60,"column":null}}],"line":60},"8":{"loc":{"start":{"line":62,"column":2},"end":{"line":63,"column":null}},"type":"if","locations":[{"start":{"line":62,"column":2},"end":{"line":63,"column":null}},{"start":{},"end":{}}],"line":62},"9":{"loc":{"start":{"line":65,"column":26},"end":{"line":65,"column":52}},"type":"binary-expr","locations":[{"start":{"line":65,"column":26},"end":{"line":65,"column":42}},{"start":{"line":65,"column":42},"end":{"line":65,"column":52}}],"line":65},"10":{"loc":{"start":{"line":70,"column":2},"end":{"line":70,"column":null}},"type":"if","locations":[{"start":{"line":70,"column":2},"end":{"line":70,"column":null}},{"start":{},"end":{}}],"line":70},"11":{"loc":{"start":{"line":72,"column":17},"end":{"line":72,"column":null}},"type":"binary-expr","locations":[{"start":{"line":72,"column":17},"end":{"line":72,"column":34}},{"start":{"line":72,"column":34},"end":{"line":72,"column":null}}],"line":72},"12":{"loc":{"start":{"line":73,"column":17},"end":{"line":73,"column":46}},"type":"binary-expr","locations":[{"start":{"line":73,"column":17},"end":{"line":73,"column":38}},{"start":{"line":73,"column":38},"end":{"line":73,"column":46}}],"line":73},"13":{"loc":{"start":{"line":73,"column":59},"end":{"line":73,"column":85}},"type":"binary-expr","locations":[{"start":{"line":73,"column":59},"end":{"line":73,"column":81}},{"start":{"line":73,"column":81},"end":{"line":73,"column":85}}],"line":73},"14":{"loc":{"start":{"line":91,"column":14},"end":{"line":93,"column":null}},"type":"cond-expr","locations":[{"start":{"line":92,"column":8},"end":{"line":92,"column":37}},{"start":{"line":93,"column":8},"end":{"line":93,"column":null}}],"line":91},"15":{"loc":{"start":{"line":125,"column":12},"end":{"line":125,"column":null}},"type":"cond-expr","locations":[{"start":{"line":125,"column":27},"end":{"line":125,"column":38}},{"start":{"line":125,"column":38},"end":{"line":125,"column":null}}],"line":125},"16":{"loc":{"start":{"line":135,"column":11},"end":{"line":135,"column":null}},"type":"cond-expr","locations":[{"start":{"line":135,"column":23},"end":{"line":135,"column":46}},{"start":{"line":135,"column":49},"end":{"line":135,"column":null}}],"line":135},"17":{"loc":{"start":{"line":136,"column":17},"end":{"line":138,"column":null}},"type":"cond-expr","locations":[{"start":{"line":137,"column":8},"end":{"line":137,"column":37}},{"start":{"line":138,"column":8},"end":{"line":138,"column":null}}],"line":136},"18":{"loc":{"start":{"line":139,"column":14},"end":{"line":139,"column":null}},"type":"cond-expr","locations":[{"start":{"line":139,"column":26},"end":{"line":139,"column":40}},{"start":{"line":139,"column":40},"end":{"line":139,"column":null}}],"line":139},"19":{"loc":{"start":{"line":142,"column":13},"end":{"line":144,"column":null}},"type":"cond-expr","locations":[{"start":{"line":143,"column":9},"end":{"line":143,"column":null}},{"start":{"line":144,"column":8},"end":{"line":144,"column":null}}],"line":142},"20":{"loc":{"start":{"line":143,"column":9},"end":{"line":143,"column":null}},"type":"binary-expr","locations":[{"start":{"line":143,"column":9},"end":{"line":143,"column":67}},{"start":{"line":143,"column":67},"end":{"line":143,"column":null}}],"line":143},"21":{"loc":{"start":{"line":160,"column":4},"end":{"line":166,"column":10}},"type":"default-arg","locations":[{"start":{"line":166,"column":8},"end":{"line":166,"column":10}}],"line":160},"22":{"loc":{"start":{"line":170,"column":4},"end":{"line":171,"column":null}},"type":"if","locations":[{"start":{"line":170,"column":4},"end":{"line":171,"column":null}},{"start":{},"end":{}}],"line":170},"23":{"loc":{"start":{"line":170,"column":8},"end":{"line":170,"column":54}},"type":"binary-expr","locations":[{"start":{"line":170,"column":8},"end":{"line":170,"column":27}},{"start":{"line":170,"column":27},"end":{"line":170,"column":54}}],"line":170},"24":{"loc":{"start":{"line":174,"column":4},"end":{"line":175,"column":null}},"type":"if","locations":[{"start":{"line":174,"column":4},"end":{"line":175,"column":null}},{"start":{},"end":{}}],"line":174},"25":{"loc":{"start":{"line":178,"column":4},"end":{"line":184,"column":null}},"type":"if","locations":[{"start":{"line":178,"column":4},"end":{"line":184,"column":null}},{"start":{},"end":{}}],"line":178},"26":{"loc":{"start":{"line":182,"column":10},"end":{"line":183,"column":49}},"type":"binary-expr","locations":[{"start":{"line":182,"column":10},"end":{"line":182,"column":43}},{"start":{"line":183,"column":10},"end":{"line":183,"column":49}}],"line":182},"27":{"loc":{"start":{"line":187,"column":19},"end":{"line":187,"column":null}},"type":"binary-expr","locations":[{"start":{"line":187,"column":19},"end":{"line":187,"column":36}},{"start":{"line":187,"column":36},"end":{"line":187,"column":null}}],"line":187},"28":{"loc":{"start":{"line":188,"column":18},"end":{"line":188,"column":null}},"type":"binary-expr","locations":[{"start":{"line":188,"column":18},"end":{"line":188,"column":34}},{"start":{"line":188,"column":34},"end":{"line":188,"column":null}}],"line":188},"29":{"loc":{"start":{"line":195,"column":4},"end":{"line":196,"column":null}},"type":"if","locations":[{"start":{"line":195,"column":4},"end":{"line":196,"column":null}},{"start":{},"end":{}}],"line":195},"30":{"loc":{"start":{"line":207,"column":4},"end":{"line":211,"column":null}},"type":"if","locations":[{"start":{"line":207,"column":4},"end":{"line":211,"column":null}},{"start":{},"end":{}}],"line":207},"31":{"loc":{"start":{"line":208,"column":6},"end":{"line":209,"column":null}},"type":"binary-expr","locations":[{"start":{"line":208,"column":6},"end":{"line":208,"column":null}},{"start":{"line":209,"column":6},"end":{"line":209,"column":null}}],"line":208},"32":{"loc":{"start":{"line":224,"column":10},"end":{"line":225,"column":null}},"type":"if","locations":[{"start":{"line":224,"column":10},"end":{"line":225,"column":null}},{"start":{},"end":{}}],"line":224},"33":{"loc":{"start":{"line":256,"column":4},"end":{"line":257,"column":null}},"type":"if","locations":[{"start":{"line":256,"column":4},"end":{"line":257,"column":null}},{"start":{},"end":{}}],"line":256}},"s":{"0":1,"1":192,"2":64,"3":0,"4":64,"5":64,"6":320,"7":320,"8":320,"9":64,"10":16,"11":16,"12":0,"13":16,"14":16,"15":16,"16":16,"17":16,"18":0,"19":32,"20":32,"21":0,"22":32,"23":32,"24":144,"25":288,"26":144,"27":32,"28":32,"29":96,"30":32,"31":96,"32":96,"33":32,"34":32,"35":32,"36":32,"37":48,"38":48,"39":48,"40":1,"41":1,"42":17,"43":18,"44":18,"45":2,"46":10,"47":18,"48":1,"49":5,"50":18,"51":1,"52":1,"53":5,"54":18,"55":18,"56":18,"57":2,"58":2,"59":6,"60":2,"61":1,"62":1,"63":1,"64":20,"65":20,"66":4,"67":16,"68":0,"69":16,"70":16,"71":80,"72":144,"73":288,"74":288,"75":256,"76":16,"77":16,"78":16,"79":16,"80":144,"81":16,"82":16,"83":16,"84":32,"85":64,"86":32,"87":32,"88":16,"89":144,"90":48,"91":16},"f":{"0":192,"1":64,"2":16,"3":32,"4":144,"5":288,"6":32,"7":96,"8":96,"9":96,"10":32,"11":48,"12":17,"13":18,"14":10,"15":5,"16":5,"17":2,"18":6,"19":1,"20":20,"21":0,"22":16},"b":{"0":[0,64],"1":[320,0],"2":[320,320],"3":[64,0],"4":[0,16],"5":[16,0],"6":[16,0],"7":[16,0],"8":[16,0],"9":[0,0],"10":[0,32],"11":[32,0],"12":[32,0],"13":[32,0],"14":[16,128],"15":[32,0],"16":[16,32],"17":[16,32],"18":[16,32],"19":[16,32],"20":[16,0],"21":[18],"22":[2,16],"23":[18,2],"24":[1,17],"25":[1,17],"26":[5,3],"27":[18,16],"28":[18,16],"29":[1,1],"30":[4,16],"31":[20,4],"32":[256,32],"33":[48,96]},"meta":{"lastBranch":34,"lastFunction":23,"lastStatement":92,"seen":{"s:26:41:28:Infinity":0,"f:35:9:35:21":0,"s:36:2:36:Infinity":1,"f:40:9:40:Infinity":1,"b:43:2:43:Infinity:undefined:undefined:undefined:undefined":0,"s:43:2:43:Infinity":2,"s:43:27:43:Infinity":3,"s:44:41:44:43":4,"s:45:2:48:Infinity":5,"s:46:27:46:45":6,"b:47:4:48:Infinity:undefined:undefined:undefined:undefined":1,"s:47:4:48:Infinity":7,"b:47:8:47:15:47:15:47:32":2,"s:48:6:48:Infinity":8,"s:51:2:51:Infinity":9,"b:51:42:51:51:51:51:51:Infinity":3,"f:54:9:54:24":2,"s:55:17:55:63":10,"b:56:2:56:Infinity:undefined:undefined:undefined:undefined":4,"s:56:2:56:Infinity":11,"s:56:15:56:Infinity":12,"s:58:21:58:Infinity":13,"b:58:21:58:42:58:42:58:Infinity":5,"s:59:17:59:Infinity":14,"b:59:17:59:39:59:39:59:Infinity":6,"s:60:17:60:Infinity":15,"b:60:17:60:34:60:34:60:Infinity":7,"b:62:2:63:Infinity:undefined:undefined:undefined:undefined":8,"s:62:2:63:Infinity":16,"s:63:4:63:Infinity":17,"s:65:2:65:Infinity":18,"b:65:26:65:42:65:42:65:52":9,"f:68:9:68:30":3,"s:69:17:69:63":19,"b:70:2:70:Infinity:undefined:undefined:undefined:undefined":10,"s:70:2:70:Infinity":20,"s:70:15:70:Infinity":21,"s:72:17:72:Infinity":22,"b:72:17:72:34:72:34:72:Infinity":11,"s:73:2:73:Infinity":23,"b:73:17:73:38:73:38:73:46":12,"b:73:59:73:81:73:81:73:85":13,"f:76:9:76:Infinity":4,"s:80:40:85:Infinity":24,"f:80:58:80:Infinity":5,"s:81:26:85:Infinity":25,"s:88:2:97:Infinity":26,"b:92:8:92:37:93:8:93:Infinity":14,"f:100:9:100:Infinity":6,"s:104:18:104:Infinity":27,"s:105:24:108:38":28,"f:108:4:108:12":7,"s:108:19:108:37":29,"s:110:18:112:47":30,"f:111:5:111:10":8,"s:111:17:111:35":31,"f:112:5:112:10":9,"s:112:16:112:46":32,"s:114:18:114:56":33,"s:115:23:115:76":34,"f:115:46:115:52":10,"s:115:59:115:75":35,"s:117:2:126:Infinity":36,"b:125:27:125:38:125:38:125:Infinity":15,"f:129:9:129:37":11,"s:130:18:130:Infinity":37,"s:131:20:131:40":38,"s:133:2:146:Infinity":39,"b:135:23:135:46:135:49:135:Infinity":16,"b:137:8:137:37:138:8:138:Infinity":17,"b:139:26:139:40:139:40:139:Infinity":18,"b:143:9:143:Infinity:144:8:144:Infinity":19,"b:143:9:143:67:143:67:143:Infinity":20,"s:154:75:154:Infinity":40,"s:155:41:155:Infinity":41,"f:157:2:157:14":12,"s:157:31:157:51":42,"f:159:8:159:Infinity":13,"b:166:8:166:10":21,"s:168:17:168:40":43,"b:170:4:171:Infinity:undefined:undefined:undefined:undefined":22,"s:170:4:171:Infinity":44,"b:170:8:170:27:170:27:170:54":23,"s:171:6:171:Infinity":45,"f:171:22:171:30":14,"s:171:36:171:67":46,"b:174:4:175:Infinity:undefined:undefined:undefined:undefined":24,"s:174:4:175:Infinity":47,"s:175:6:175:Infinity":48,"f:175:22:175:30":15,"s:175:36:175:58":49,"b:178:4:184:Infinity:undefined:undefined:undefined:undefined":25,"s:178:4:184:Infinity":50,"s:179:16:179:42":51,"s:180:6:184:Infinity":52,"f:180:22:180:Infinity":16,"s:182:10:183:49":53,"b:182:10:182:43:183:10:183:49":26,"s:187:19:187:Infinity":54,"b:187:19:187:36:187:36:187:Infinity":27,"s:188:18:188:Infinity":55,"b:188:18:188:34:188:34:188:Infinity":28,"s:189:4:189:Infinity":56,"f:192:8:192:19":17,"s:193:19:193:42":57,"s:194:18:194:54":58,"f:194:25:194:31":18,"s:194:37:194:54":59,"b:195:4:196:Infinity:undefined:undefined:undefined:undefined":29,"s:195:4:196:Infinity":60,"s:196:6:196:Infinity":61,"s:198:4:198:Infinity":62,"f:201:8:201:57":19,"s:202:4:202:Infinity":63,"f:205:16:205:57":20,"s:206:16:206:26":64,"b:207:4:211:Infinity:undefined:undefined:undefined:undefined":30,"s:207:4:211:Infinity":65,"b:208:6:208:Infinity:209:6:209:Infinity":31,"s:211:6:211:Infinity":66,"s:214:25:217:6":67,"f:216:33:216:46":21,"s:216:46:216:48":68,"s:218:19:218:44":69,"s:220:4:225:Infinity":70,"s:221:6:225:Infinity":71,"s:222:8:225:Infinity":72,"s:223:22:223:Infinity":73,"b:224:10:225:Infinity:undefined:undefined:undefined:undefined":32,"s:224:10:225:Infinity":74,"s:225:12:225:Infinity":75,"s:231:4:231:Infinity":76,"s:232:4:232:Infinity":77,"f:240:9:240:29":22,"s:241:21:241:49":78,"s:242:2:243:Infinity":79,"s:243:4:243:Infinity":80,"s:246:26:246:43":81,"s:247:36:247:38":82,"s:249:2:252:Infinity":83,"s:250:4:250:Infinity":84,"s:250:38:250:Infinity":85,"s:251:4:251:Infinity":86,"s:252:4:252:Infinity":87,"s:255:2:257:Infinity":88,"b:256:4:257:Infinity:undefined:undefined:undefined:undefined":33,"s:256:4:257:Infinity":89,"s:257:6:257:Infinity":90,"s:261:2:261:Infinity":91}}}
,"/Users/dennisfurrer/Documents/Work/Hyperliquid/hip4/src/adapter/hyperliquid/market-data.ts": {"path":"/Users/dennisfurrer/Documents/Work/Hyperliquid/hip4/src/adapter/hyperliquid/market-data.ts","statementMap":{"0":{"start":{"line":24,"column":23},"end":{"line":24,"column":null}},"1":{"start":{"line":25,"column":2},"end":{"line":30,"column":null}},"2":{"start":{"line":27,"column":27},"end":{"line":27,"column":56}},"3":{"start":{"line":28,"column":27},"end":{"line":28,"column":56}},"4":{"start":{"line":34,"column":23},"end":{"line":34,"column":null}},"5":{"start":{"line":35,"column":2},"end":{"line":40,"column":null}},"6":{"start":{"line":37,"column":27},"end":{"line":37,"column":56}},"7":{"start":{"line":38,"column":27},"end":{"line":38,"column":56}},"8":{"start":{"line":44,"column":2},"end":{"line":52,"column":null}},"9":{"start":{"line":70,"column":39},"end":{"line":70,"column":null}},"10":{"start":{"line":72,"column":4},"end":{"line":72,"column":null}},"11":{"start":{"line":73,"column":43},"end":{"line":73,"column":null}},"12":{"start":{"line":74,"column":51},"end":{"line":74,"column":null}},"13":{"start":{"line":75,"column":48},"end":{"line":75,"column":null}},"14":{"start":{"line":76,"column":30},"end":{"line":76,"column":null}},"15":{"start":{"line":77,"column":65},"end":{"line":77,"column":null}},"16":{"start":{"line":78,"column":22},"end":{"line":78,"column":null}},"17":{"start":{"line":80,"column":31},"end":{"line":80,"column":51}},"18":{"start":{"line":83,"column":22},"end":{"line":83,"column":44}},"19":{"start":{"line":84,"column":10},"end":{"line":84,"column":47}},"20":{"start":{"line":85,"column":16},"end":{"line":85,"column":51}},"21":{"start":{"line":86,"column":4},"end":{"line":86,"column":null}},"22":{"start":{"line":90,"column":22},"end":{"line":90,"column":44}},"23":{"start":{"line":91,"column":17},"end":{"line":91,"column":37}},"24":{"start":{"line":93,"column":10},"end":{"line":93,"column":44}},"25":{"start":{"line":94,"column":10},"end":{"line":94,"column":44}},"26":{"start":{"line":96,"column":21},"end":{"line":96,"column":null}},"27":{"start":{"line":97,"column":21},"end":{"line":97,"column":null}},"28":{"start":{"line":99,"column":4},"end":{"line":106,"column":null}},"29":{"start":{"line":114,"column":22},"end":{"line":114,"column":44}},"30":{"start":{"line":115,"column":10},"end":{"line":115,"column":47}},"31":{"start":{"line":116,"column":16},"end":{"line":116,"column":57}},"32":{"start":{"line":117,"column":4},"end":{"line":117,"column":null}},"33":{"start":{"line":117,"column":42},"end":{"line":117,"column":63}},"34":{"start":{"line":126,"column":22},"end":{"line":126,"column":44}},"35":{"start":{"line":127,"column":10},"end":{"line":127,"column":39}},"36":{"start":{"line":128,"column":16},"end":{"line":128,"column":26}},"37":{"start":{"line":129,"column":18},"end":{"line":129,"column":null}},"38":{"start":{"line":130,"column":16},"end":{"line":130,"column":null}},"39":{"start":{"line":131,"column":16},"end":{"line":131,"column":81}},"40":{"start":{"line":132,"column":4},"end":{"line":139,"column":null}},"41":{"start":{"line":132,"column":27},"end":{"line":139,"column":7}},"42":{"start":{"line":148,"column":22},"end":{"line":148,"column":44}},"43":{"start":{"line":149,"column":10},"end":{"line":149,"column":39}},"44":{"start":{"line":150,"column":4},"end":{"line":154,"column":null}},"45":{"start":{"line":151,"column":6},"end":{"line":152,"column":null}},"46":{"start":{"line":152,"column":8},"end":{"line":152,"column":null}},"47":{"start":{"line":161,"column":22},"end":{"line":161,"column":44}},"48":{"start":{"line":162,"column":10},"end":{"line":162,"column":40}},"49":{"start":{"line":163,"column":10},"end":{"line":163,"column":40}},"50":{"start":{"line":165,"column":4},"end":{"line":188,"column":null}},"51":{"start":{"line":166,"column":6},"end":{"line":166,"column":null}},"52":{"start":{"line":166,"column":32},"end":{"line":166,"column":null}},"53":{"start":{"line":167,"column":19},"end":{"line":167,"column":null}},"54":{"start":{"line":168,"column":23},"end":{"line":168,"column":null}},"55":{"start":{"line":169,"column":23},"end":{"line":169,"column":null}},"56":{"start":{"line":170,"column":6},"end":{"line":170,"column":null}},"57":{"start":{"line":170,"column":60},"end":{"line":170,"column":null}},"58":{"start":{"line":172,"column":6},"end":{"line":187,"column":null}},"59":{"start":{"line":195,"column":22},"end":{"line":195,"column":44}},"60":{"start":{"line":196,"column":10},"end":{"line":196,"column":39}},"61":{"start":{"line":197,"column":4},"end":{"line":202,"column":null}},"62":{"start":{"line":198,"column":6},"end":{"line":198,"column":null}},"63":{"start":{"line":198,"column":31},"end":{"line":198,"column":null}},"64":{"start":{"line":199,"column":6},"end":{"lin
[...]
,"/Users/dennisfurrer/Documents/Work/Hyperliquid/hip4/src/adapter/hyperliquid/trading.ts": {"path":"/Users/dennisfurrer/Documents/Work/Hyperliquid/hip4/src/adapter/hyperliquid/trading.ts","statementMap":{"0":{"start":{"line":37,"column":2},"end":{"line":37,"column":null}},"1":{"start":{"line":37,"column":18},"end":{"line":37,"column":null}},"2":{"start":{"line":39,"column":2},"end":{"line":46,"column":null}},"3":{"start":{"line":40,"column":4},"end":{"line":40,"column":null}},"4":{"start":{"line":41,"column":13},"end":{"line":46,"column":null}},"5":{"start":{"line":42,"column":4},"end":{"line":42,"column":null}},"6":{"start":{"line":43,"column":13},"end":{"line":46,"column":null}},"7":{"start":{"line":44,"column":4},"end":{"line":44,"column":null}},"8":{"start":{"line":46,"column":4},"end":{"line":46,"column":null}},"9":{"start":{"line":48,"column":2},"end":{"line":48,"column":null}},"10":{"start":{"line":55,"column":2},"end":{"line":56,"column":null}},"11":{"start":{"line":56,"column":4},"end":{"line":56,"column":null}},"12":{"start":{"line":58,"column":2},"end":{"line":70,"column":null}},"13":{"start":{"line":63,"column":6},"end":{"line":63,"column":null}},"14":{"start":{"line":65,"column":6},"end":{"line":65,"column":null}},"15":{"start":{"line":70,"column":6},"end":{"line":70,"column":null}},"16":{"start":{"line":88,"column":20},"end":{"line":88,"column":42}},"17":{"start":{"line":90,"column":2},"end":{"line":96,"column":null}},"18":{"start":{"line":91,"column":16},"end":{"line":91,"column":32}},"19":{"start":{"line":92,"column":22},"end":{"line":92,"column":49}},"20":{"start":{"line":93,"column":4},"end":{"line":94,"column":null}},"21":{"start":{"line":94,"column":6},"end":{"line":94,"column":null}},"22":{"start":{"line":96,"column":4},"end":{"line":96,"column":null}},"23":{"start":{"line":99,"column":20},"end":{"line":99,"column":41}},"24":{"start":{"line":100,"column":2},"end":{"line":105,"column":null}},"25":{"start":{"line":101,"column":22},"end":{"line":101,"column":48}},"26":{"start":{"line":102,"column":4},"end":{"line":103,"column":null}},"27":{"start":{"line":103,"column":6},"end":{"line":103,"column":null}},"28":{"start":{"line":105,"column":4},"end":{"line":105,"column":null}},"29":{"start":{"line":108,"column":2},"end":{"line":108,"column":null}},"30":{"start":{"line":114,"column":2},"end":{"line":119,"column":null}},"31":{"start":{"line":115,"column":4},"end":{"line":119,"column":null}},"32":{"start":{"line":121,"column":2},"end":{"line":125,"column":null}},"33":{"start":{"line":122,"column":4},"end":{"line":125,"column":null}},"34":{"start":{"line":127,"column":2},"end":{"line":131,"column":null}},"35":{"start":{"line":128,"column":4},"end":{"line":131,"column":null}},"36":{"start":{"line":133,"column":2},"end":{"line":133,"column":null}},"37":{"start":{"line":142,"column":21},"end":{"line":142,"column":null}},"38":{"start":{"line":143,"column":21},"end":{"line":143,"column":null}},"39":{"start":{"line":149,"column":19},"end":{"line":149,"column":40}},"40":{"start":{"line":150,"column":4},"end":{"line":154,"column":null}},"41":{"start":{"line":151,"column":6},"end":{"line":154,"column":null}},"42":{"start":{"line":157,"column":20},"end":{"line":157,"column":67}},"43":{"start":{"line":158,"column":18},"end":{"line":158,"column":null}},"44":{"start":{"line":162,"column":4},"end":{"line":175,"column":null}},"45":{"start":{"line":165,"column":6},"end":{"line":165,"column":null}},"46":{"start":{"line":167,"column":6},"end":{"line":170,"column":null}},"47":{"start":{"line":173,"column":23},"end":{"line":173,"column":54}},"48":{"start":{"line":174,"column":6},"end":{"line":174,"column":null}},"49":{"start":{"line":175,"column":6},"end":{"line":175,"column":null}},"50":{"start":{"line":178,"column":35},"end":{"line":185,"column":null}},"51":{"start":{"line":188,"column":34},"end":{"line":192,"column":null}},"52":{"start":{"line":195,"column":10},"end":{"line":195,"column":48}},"53":{"start":{"line":197,"column":4},"end":{"line":197,"column":null}},"54":{"start":{"line":199,"column":4},"end":{"line":232,"column":null}},"55":{"start":{"line":200,"column":20},"end":{"line":200,"column":30}},"56":{"start":{"line":201,"column":24},"end":{"line":206,"column":8}},"57":{"start":{"line":208,"column":18},"end":{"line":212,"column":null}},"58":{"start":{"line":215,"column":6},"end":{"line":216,"column":null}},"59":{"start":{"line":216,"column":8},"end":{"line":216,"column":null}},"60":{"start":{"line":219,"column":26},"end":{"line":219,"column":null}},"61":{"start":{"line":220,"column":6},"end":{"line":221,"column":null}},"62":{"start":{"line":221,"column":8},"end":{"line":221,"column":null}},"63":{"start":{"line":224,"column":21},"end":{"line":224,"column":49}},"64":{"start":{"line":225,"column":6},"end":{"line":228,"column":null}},"65":{"start":{"line":231,"column":8},"end":{"line":231,"column":null}},"66":{"start":{"line":232,"column":6},"end":{"line":232,"column":null}},"67":{"start":{"line":237,"column":19},"end":{"line":237,"column":40}},"68":{"start":{"line":238,"column":4},"end":{"line":239,"column":null}},"69":{"start":{"line":239,"column":6},"end":{"line":239,"column":null}},"70":{"start":{"line":243,"column":20},"end":{"line":245,"column":53}},"71":{"start":{"line":246,"column":16},"end":{"line":246,"column":44}},"72":{"start":{"line":248,"column":35},"end":{"line":251,"column":null}},"73":{"start":{"line":254,"column":10},"end":{"line":254,"column":49}},"74":{"start":{"line":256,"column":18},"end":{"line":256,"column":28}},"75":{"start":{"line":257,"column":22},"end":{"line":262,"column":6}},"76":{"start":{"line":264,"column":4},"end":{"line":264,"column":null}}},"fnMap":{"0":{"name":"formatPrice","decl":{"start":{"line":36,"column":9},"end":{"line":36,"column":21}},"loc":{"start":{"line":36,"column":44},"end":{"line":48,"column":null}},"line":36},"1":{"name":"mapTif","decl":{"start":{"line":51,"column":9},"end":{"line":51,"column":null}},"loc":{"start":{"line":54,"column":20},"end":{"line":70,"column":null}},"line":54},"2":{"name":"resolveAssetId","decl":{"start":{"line":87,"column":9},"end":{"line":87,"column":24}},"loc":{"start":{"line":87,"column":67},"end":{"line":108,"column":null}},"line":87},"3":{"name":"interpretStatus","decl":{"start":{"line":111,"column":9},"end":{"line":111,"column":null}},"loc":{"start":{"line":113,"column":74},"end":{"line":133,"column":null}},"line":113},"4":{"name":"(anonymous_4)","decl":{"start":{"line":141,"column":2},"end":{"line":141,"column":null}},"loc":{"start":{"line":144,"column":4},"end":{"line":143,"column":null}},"line":144},"5":{"name":"(anonymous_5)","decl":{"start":{"line":146,"column":8},"end":{"line":146,"column":null}},"loc":{"start":{"line":148,"column":36},"end":{"line":232,"column":null}},"line":148},"6":{"name":"(anonymous_6)","decl":{"start":{"line":236,"column":8},"end":{"line":236,"column":20}},"loc":{"start":{"line":236,"column":67},"end":{"line":264,"column":null}},"line":236}},"branchMap":{"0":{"loc":{"start":{"line":37,"column":2},"end":{"line":37,"column":null}},"type":"if","locations":[{"start":{"line":37,"column":2},"end":{"line":37,"column":null}},{"start":{},"end":{}}],"line":37},"1":{"loc":{"start":{"line":39,"column":2},"end":{"line":46,"column":null}},"type":"if","locations":[{"start":{"line":39,"column":2},"end":{"line":46,"column":null}},{"start":{"line":41,"column":13},"end":{"line":46,"column":null}}],"line":39},"2":{"loc":{"start":{"line":41,"column":13},"end":{"line":46,"column":null}},"type":"if","locations":[{"start":{"line":41,"column":13},"end":{"line":46,"column":null}},{"start":{"line":43,"column":13},"end":{"line":46,"column":null}}],"line":41},"3":{"loc":{"start":{"line":43,"column":13},"end":{"line":46,"column":null}},"type":"if","locations":[{"start":{"line":43,"column":13},"end":{"line":46,"column":null}},{"start":{"line":45,"column":9},"end":{"line":46,"column":null}}],"line":43},"4":{"loc":{"start":{"line":55,"column":2},"end":{"line":56,"column":null}},"type":"if","locations":[{"start":{"line":55,"column":2},"end":{"line":56,"column":null}},{"start":{},"end":{}}],"line":55},"5":{"loc":{"start":{"line":58,"column":2},"end":{"line":70,"column":null}},"type":"switch","locations":[{"start":{"line":59,"column":4},"end":{"line":63,"column":null}},{"start":{"line":64,"column":4},"end":{"line":65,"column":null}},{"start":{"line":66,"column":4},"end":{"line":66,"column":null}},{"start":{"line":67,"column":4},"end":{"line":67,"column":null}},{"start":{"line":68,"column":4},"end":{"line":68,"column":null}},{"start":{"line":69,"column":4},"end":{"line":70,"column":null}}],"line":58},"6":{"loc":{"start":{"line":90,"column":2},"end":{"line":96,"column":null}},"type":"if","locations":[{"start":{"line":90,"column":2},"end":{"line":96,"column":null}},{"start":{},"end":{}}],"line":90},"7":{"loc":{"start":{"line":90,"column":6},"end":{"line":90,"column":56}},"type":"binary-expr","locations":[{"start":{"line":90,"column":6},"end":{"line":90,"column":29}},{"start":{"line":90,"column":33},"end":{"line":90,"column":56}}],"line":90},"8":{"loc":{"start":{"line":93,"column":4},"end":{"line":94,"column":null}},"type":"if","locations":[{"start":{"line":93,"column":4},"end":{"line":94,"column":null}},{"start":{},"end":{}}],"line":93},"9":{"loc":{"start":{"line":93,"column":8},"end":{"line":93,"column":44}},"type":"binary-expr","locations":[{"start":{"line":93,"column":8},"end":{"line":93,"column":27}},{"start":{"line":93,"column":27},"end":{"line":93,"column":44}}],"line":93},"10":{"loc":{"start":{"line":100,"column":2},"end":{"line":105,"column":null}},"type":"if","locations":[{"start":{"line":100,"column":2},"end":{"line":105,"column":null}},{"start":{},"end":{}}],"line":100},"11":{"loc":{"start":{"line":102,"column":4},"end":{"line":103,"column":null}},"type":"if","locations":[{"start":{"line":102,"column":4},"end":{"line":103,"column":null}},{"start":{},"end":{}}],"line":102},"12":{"loc":{"start":{"line":114,"column":2},"end":{"line":119,"column":null}},"type":"if","locations":[{"start":{"line":114,"column":2},"end":{"line":119,"column":null}},{"start":{},"end":{}}],"line":114},"13":{"loc":{"start":{"line":121,"column":2},"end":{"line":125,"column":null}},"type":"if","locations":[{"start":{"line":121,"column":2},"end":{"line":125,"column":null}},{"start":{},"end":{}}],"line":121},"14":{"loc":{"start":{"line":127,"column":2},"end":{"line":131,"column":null}},"type":"if","locations":[{"start":{"line":127,"column":2},"end":{"line":131,"column":null}},{"start":{},"end":{}}],"line":127},"15":{"loc":{"start":{"line":150,"column":4},"end":{"line":154,"column":null}},"type":"if","locations":[{"start":{"line":150,"column":4},"end":{"line":154,"column":null}},{"start":{},"end":{}}],"line":150},"16":{"loc":{"start":{"line":162,"column":4},"end":{"line":175,"column":null}},"type":"if","locations":[{"start":{"line":162,"column":4},"end":{"line":175,"column":null}},{"start":{"line":171,"column":11},"end":{"line":175,"column":null}}],"line":162},"17":{"loc":{"start":{"line":165,"column":14},"end":{"line":165,"column":null}},"type":"cond-expr","locations":[{"start":{"line":165,"column":22},"end":{"line":165,"column":34}},{"start":{"line":165,"column":34},"end":{"line":165,"column":null}}],"line":165},"18":{"loc":{"start":{"line":169,"column":30},"end":{"line":169,"column":53}},"type":"cond-expr","locations":[{"start":{"line":169,"column":38},"end":{"line":169,"column":46}},{"start":{"line":169,"column":46},"end":{"line":169,"column":53}}],"line":169},"19":{"loc":{"start":{"line":173,"column":34},"end":{"line":173,"column":54}},"type":"binary-expr","locations":[{"start":{"line":173,"column":34},"end":{"line":173,"column":50}},{"start":{"line":173,"column":50},"end":{"line":173,"column":54}}],"line":173},"20":{"loc":{"start":{"line":215,"column":6},"end":{"line":216,"column":null}},"type":"if","locations":[{"start":{"line":215,"column":6},"end":{"line":216,"column":null}},{"start":{},"end":{}}],"line":215},"21":{"loc":{"start":{"line":215,"column":10},"end":{"line":215,"column":48}},"type":"binary-expr","locations":[{"start":{"line":215,"column":10},"end":{"line":215,"column":33}},{"start":{"line":215,"column":33},"end":{"line":215,"column":48}}],"line":215},"22":{"loc":{"start":{"line":220,"column":6},"end":{"line":221,"column":null}},"type":"if","locations":[{"start":{"line":220,"column":6},"end":{"line":221,"column":null}},{"start":{},"end":{}}],"line":220},"23":{"loc":{"start":{"line":231,"column":8},"end":{"line":231,"column":null}},"type":"cond-expr","locations":[{"start":{"line":231,"column":31},"end":{"line":231,"column":45}},{"start":{"line":231,"column":45},"end":{"line":231,"column":null}}],"line":231},"24":{"loc":{"start":{"line":238,"column":4},"end":{"line":239,"column":null}},"type":"if","locations":[{"start":{"line":238,"column":4},"end":{"line":239,"column":null}},{"start":{},"end":{}}],"line":238},"25":{"loc":{"start":{"line":243,"column":20},"end":{"line":245,"column":53}},"type":"cond-expr","locations":[{"start":{"line":244,"column":8},"end":{"line":244,"column":55}},{"start":{"line":244,"column":55},"end":{"line":245,"column":53}}],"line":243}},"s":{"0":27,"1":1,"2":26,"3":1,"4":25,"5":2,"6":23,"7":1,"8":22,"9":26,"10":34,"11":7,"12":27,"13":1,"14":1,"15":25,"16":37,"17":37,"18":18,"19":18,"20":18,"21":2,"22":16,"23":19,"24":19,"25":4,"26":4,"27":1,"28":3,"29":15,"30":31,"31":28,"32":3,"33":1,"34":2,"35":1,"36":1,"37":45,"38":45,"39":38,"40":38,"41":2,"42":36,"43":36,"44":36,"45":7,"46":7,"47":27,"48":27,"49":27,"50":34,"51":34,"52":34,"53":34,"54":34,"55":34,"56":34,"57":34,"58":33,"59":1,"60":32,"61":32,"62":1,"63":31,"64":31,"65":1,"66":1,"67":3,"68":3,"69":1,"70":2,"71":3,"72":3,"73":3,"74":3,"75":3,"76":2},"f":{"0":27,"1":34,"2":37,"3":31,"4":45,"5":38,"6":3},"b":{"0":[1,26],"1":[1,25],"2":[2,23],"3":[1,22],"4":[7,27],"5":[27,1,0,0,25,25],"6":[18,19],"7":[37,22],"8":[2,16],"9":[18,3],"10":[4,15],"11":[1,3],"12":[28,3],"13":[1,2],"14":[1,1],"15":[2,36],"16":[7,27],"17":[6,1],"18":[6,1],"19":[27,0],"20":[1,32],"21":[33,32],"22":[1,31],"23":[1,0],"24":[1,2],"25":[1,1]},"meta":{"lastBranch":26,"lastFunction":7,"lastStatement":77,"seen":{"f:36:9:36:21":0,"b:37:2:37:Infinity:undefined:undefined:undefined:undefined":0,"s:37:2:37:Infinity":0,"s:37:18:37:Infinity":1,"b:39:2:46:Infinity:41:13:46:Infinity":1,"s:39:2:46:Infinity":2,"s:40:4:40:Infinity":3,"b:41:13:46:Infinity:43:13:46:Infinity":2,"s:41:13:46:Infinity":4,"s:42:4:42:Infinity":5,"b:43:13:46:Infinity:45:9:46:Infinity":3,"s:43:13:46:Infinity":6,"s:44:4:44:Infinity":7,"s:46:4:46:Infinity":8,"s:48:2:48:Infinity":9,"f:51:9:51:Infinity":1,"b:55:2:56:Infinity:undefined:undefined:undefined:undefined":4,"s:55:2:56:Infinity":10,"s:56:4:56:Infinity":11,"b:59:4:63:Infinity:64:4:65:Infinity:66:4:66:Infinity:67:4:67:Infinity:68:4:68:Infinity:69:4:70:Infinity":5,"s:58:2:70:Infinity":12,"s:63:6:63:Infinity":13,"s:65:6:65:Infinity":14,"s:70:6:70:Infinity":15,"f:87:9:87:24":2,"s:88:20:88:42":16,"b:90:2:96:Infinity:undefined:undefined:undefined:undefined":6,"s:90:2:96:Infinity":17,"b:90:6:90:29:90:33:90:56":7,"s:91:16:91:32":18,"s:92:22:92:49":19,"b:93:4:94:Infinity:undefined:undefined:undefined:undefined":8,"s:93:4:94:Infinity":20,"b:93:8:93:27:93:27:93:44":9,"s:94:6:94:Infinity":21,"s:96:4:96:Infinity":22,"s:99:20:99:41":23,"b:100:2:105:Infinity:undefined:undefined:undefined:undefined":10,"s:100:2:105:Infinity":24,"s:101:22:101:48":25,"b:102:4:103:Infinity:undefined:undefined:undefined:undefined":11,"s:102:4:103:Infinity":26,"s:103:6:103:Infinity":27,"s:105:4:105:Infinity":28,"s:108:2:108:Infinity":29,"f:111:9:111:Infinity":3,"b:114:2:119:Infinity:undefined:undefined:undefined:undefined":12,"s:114:2:119:Infinity":30,"s:115:4:119:Infinity":31,"b:121:2:125:Infinity:undefined:undefined:undefined:undefined":13,"s:121:2:125:Infinity":32,"s:122:4:125:Infinity":33,"b:127:2:131:Infinity:undefined:undefined:undefined:undefined":14,"s:127:2:131:Infinity":34,"s:128:4:131:Infinity":35,"s:133:2:133:Infinity":36,"f:141:2:141:Infinity":4,"s:142:21:142:Infinity":37,"s:143:21:143:Infinity":38,"f:146:8:146:Infinity":5,"s:149:19:149:40":39,"b:150:4:154:Infinity:undefined:undefined:undefined:undefined":15,"s:150:4:154:Infinity":40,"s:151:6:154:Infinity":41,"s:157:20:157:67":42,"s:158:18:158:Infinity":43,"b:162:4:175:Infinity:171:11:175:Infinity":16,"s:162:4:175:Infinity":44,"s:165:6:165:Infinity":45,"b:165:22:165:34:165:34:165:Infinity":17,"s:167:6:170:Infinity":46,"b:169:38:169:46:169:46:169:53":18,"s:173:23:173:54":47,"b:173:34:173:50:173:50:173:54":19,"s:174:6:174:Infinity":48,"s:175:6:175:Infinity":49,"s:178:35:185:Infinity":50,"s:188:34:192:Infinity":51,"s:195:10:195:48":52,"s:197:4:197:Infinity":53,"s:199:4:232:Infinity":54,"s:200:20:200:30":55,"s:201:24:206:8":56,"s:208:18:212:Infinity":57,"b:215:6:216:Infinity:undefined:undefined:undefined:undefined":20,"s:215:6:216:Infinity":58,"b:215:10:215:33:215:33:215:48":21,"s:216:8:216:Infinity":59,"s:219:26:219:Infinity":60,"b:220:6:221:Infinity:undefined:undefined:undefined:undefined":22,"s:220:6:221:Infinity":61,"s:221:8:221:Infinity":62,"s:224:21:224:49":63,"s:225:6:228:Infinity":64,"s:231:8:231:Infinity":65,"b:231:31:231:45:231:45:231:Infinity":23,"s:232:6:232:Infinity":66,"f:236:8:236:20":6,"s:237:19:237:40":67,"b:238:4:239:Infinity:undefined:undefined:undefined:undefined":24,"s:238:4:239:Infinity":68,"s:239:6:239:Infinity":69,"s:243:20:245:53":70,"b:244:8:244:55:244:55:245:53":25,"s:246:16:246:44":71,"s:248:35:251:Infinity":72,"s:254:10:254:49":73,"s:256:18:256:28":74,"s:257:22:262:6":75,"s:264:4:264:Infinity":76}}}
,"/Users/dennisfurrer/Documents/Work/Hyperliquid/hip4/src/adapter/hyperliquid/types.ts": {"path":"/Users/dennisfurrer/Documents/Work/Hyperliquid/hip4/src/adapter/hyperliquid/types.ts","statementMap":{"0":{"start":{"line":299,"column":14},"end":{"line":299,"column":null}},"1":{"start":{"line":300,"column":2},"end":{"line":304,"column":null}},"2":{"start":{"line":311,"column":2},"end":{"line":312,"column":null}},"3":{"start":{"line":312,"column":4},"end":{"line":312,"column":null}},"4":{"start":{"line":314,"column":2},"end":{"line":314,"column":null}}},"fnMap":{"0":{"name":"splitHexSignature","decl":{"start":{"line":298,"column":16},"end":{"line":298,"column":34}},"loc":{"start":{"line":298,"column":60},"end":{"line":304,"column":null}},"line":298},"1":{"name":"normalizeSignature","decl":{"start":{"line":310,"column":16},"end":{"line":310,"column":35}},"loc":{"start":{"line":310,"column":75},"end":{"line":314,"column":null}},"line":310}},"branchMap":{"0":{"loc":{"start":{"line":299,"column":14},"end":{"line":299,"column":null}},"type":"cond-expr","locations":[{"start":{"line":299,"column":37},"end":{"line":299,"column":49}},{"start":{"line":299,"column":52},"end":{"line":299,"column":null}}],"line":299},"1":{"loc":{"start":{"line":311,"column":2},"end":{"line":312,"column":null}},"type":"if","locations":[{"start":{"line":311,"column":2},"end":{"line":312,"column":null}},{"start":{},"end":{}}],"line":311}},"s":{"0":10,"1":10,"2":38,"3":1,"4":37},"f":{"0":10,"1":38},"b":{"0":[9,1],"1":[1,37]},"meta":{"lastBranch":2,"lastFunction":2,"lastStatement":5,"seen":{"f:298:16:298:34":0,"s:299:14:299:Infinity":0,"b:299:37:299:49:299:52:299:Infinity":0,"s:300:2:304:Infinity":1,"f:310:16:310:35":1,"b:311:2:312:Infinity:undefined:undefined:undefined:undefined":1,"s:311:2:312:Infinity":2,"s:312:4:312:Infinity":3,"s:314:2:314:Infinity":4}}}
}
